This is XeTeX, Version 3.14159265-2.6-0.99992 (TeX Live 2015) (preloaded format=xelatex 2015.12.3)  20 JAN 2016 12:23
entering extended mode
 restricted \write18 enabled.
 %&-line parsing enabled.
**edl.tex
(./edl.tex
LaTeX2e <2015/10/01> patch level 2
Babel <3.9m> and hyphenation patterns for 79 languages loaded.
(/usr/local/texlive/2015/texmf-dist/tex/latex/base/book.cls
Document Class: book 2014/09/29 v1.4h Standard LaTeX document class
(/usr/local/texlive/2015/texmf-dist/tex/latex/base/leqno.clo
File: leqno.clo 2015/03/31 v1.1i Standard LaTeX option (left equation numbers)
)
(/usr/local/texlive/2015/texmf-dist/tex/latex/base/bk11.clo
File: bk11.clo 2014/09/29 v1.4h Standard LaTeX file (size option)
)
\c@part=\count79
\c@chapter=\count80
\c@section=\count81
\c@subsection=\count82
\c@subsubsection=\count83
\c@paragraph=\count84
\c@subparagraph=\count85
\c@figure=\count86
\c@table=\count87
\abovecaptionskip=\skip41
\belowcaptionskip=\skip42
\bibindent=\dimen102
)
(/usr/local/texlive/2015/texmf-dist/tex/latex/base/latexsym.sty
Package: latexsym 1998/08/17 v2.2e Standard LaTeX package (lasy symbols)
\symlasy=\mathgroup4
LaTeX Font Info:    Overwriting symbol font `lasy' in version `bold'
(Font)                  U/lasy/m/n --> U/lasy/b/n on input line 52.
)
(/usr/local/texlive/2015/texmf-dist/tex/latex/base/textcomp.sty
Package: textcomp 2005/09/27 v1.99g Standard LaTeX package
Package textcomp Info: Sub-encoding information:
(textcomp)               5 = only ISO-Adobe without \textcurrency
(textcomp)               4 = 5 + \texteuro
(textcomp)               3 = 4 + \textohm
(textcomp)               2 = 3 + \textestimated + \textcurrency
(textcomp)               1 = TS1 - \textcircled - \t
(textcomp)               0 = TS1 (full)
(textcomp)             Font families with sub-encoding setting implement
(textcomp)             only a restricted character set as indicated.
(textcomp)             Family '?' is the default used for unknown fonts.
(textcomp)             See the documentation for details.
Package textcomp Info: Setting ? sub-encoding to TS1/1 on input line 79.

(/usr/local/texlive/2015/texmf-dist/tex/latex/base/ts1enc.def
File: ts1enc.def 2001/06/05 v3.0e (jk/car/fm) Standard LaTeX file
)
LaTeX Info: Redefining \oldstylenums on input line 334.
Package textcomp Info: Setting cmr sub-encoding to TS1/0 on input line 349.
Package textcomp Info: Setting cmss sub-encoding to TS1/0 on input line 350.
Package textcomp Info: Setting cmtt sub-encoding to TS1/0 on input line 351.
Package textcomp Info: Setting cmvtt sub-encoding to TS1/0 on input line 352.
Package textcomp Info: Setting cmbr sub-encoding to TS1/0 on input line 353.
Package textcomp Info: Setting cmtl sub-encoding to TS1/0 on input line 354.
Package textcomp Info: Setting ccr sub-encoding to TS1/0 on input line 355.
Package textcomp Info: Setting ptm sub-encoding to TS1/4 on input line 356.
Package textcomp Info: Setting pcr sub-encoding to TS1/4 on input line 357.
Package textcomp Info: Setting phv sub-encoding to TS1/4 on input line 358.
Package textcomp Info: Setting ppl sub-encoding to TS1/3 on input line 359.
Package textcomp Info: Setting pag sub-encoding to TS1/4 on input line 360.
Package textcomp Info: Setting pbk sub-encoding to TS1/4 on input line 361.
Package textcomp Info: Setting pnc sub-encoding to TS1/4 on input line 362.
Package textcomp Info: Setting pzc sub-encoding to TS1/4 on input line 363.
Package textcomp Info: Setting bch sub-encoding to TS1/4 on input line 364.
Package textcomp Info: Setting put sub-encoding to TS1/5 on input line 365.
Package textcomp Info: Setting uag sub-encoding to TS1/5 on input line 366.
Package textcomp Info: Setting ugq sub-encoding to TS1/5 on input line 367.
Package textcomp Info: Setting ul8 sub-encoding to TS1/4 on input line 368.
Package textcomp Info: Setting ul9 sub-encoding to TS1/4 on input line 369.
Package textcomp Info: Setting augie sub-encoding to TS1/5 on input line 370.
Package textcomp Info: Setting dayrom sub-encoding to TS1/3 on input line 371.
Package textcomp Info: Setting dayroms sub-encoding to TS1/3 on input line 372.

Package textcomp Info: Setting pxr sub-encoding to TS1/0 on input line 373.
Package textcomp Info: Setting pxss sub-encoding to TS1/0 on input line 374.
Package textcomp Info: Setting pxtt sub-encoding to TS1/0 on input line 375.
Package textcomp Info: Setting txr sub-encoding to TS1/0 on input line 376.
Package textcomp Info: Setting txss sub-encoding to TS1/0 on input line 377.
Package textcomp Info: Setting txtt sub-encoding to TS1/0 on input line 378.
Package textcomp Info: Setting lmr sub-encoding to TS1/0 on input line 379.
Package textcomp Info: Setting lmdh sub-encoding to TS1/0 on input line 380.
Package textcomp Info: Setting lmss sub-encoding to TS1/0 on input line 381.
Package textcomp Info: Setting lmssq sub-encoding to TS1/0 on input line 382.
Package textcomp Info: Setting lmvtt sub-encoding to TS1/0 on input line 383.
Package textcomp Info: Setting lmtt sub-encoding to TS1/0 on input line 384.
Package textcomp Info: Setting qhv sub-encoding to TS1/0 on input line 385.
Package textcomp Info: Setting qag sub-encoding to TS1/0 on input line 386.
Package textcomp Info: Setting qbk sub-encoding to TS1/0 on input line 387.
Package textcomp Info: Setting qcr sub-encoding to TS1/0 on input line 388.
Package textcomp Info: Setting qcs sub-encoding to TS1/0 on input line 389.
Package textcomp Info: Setting qpl sub-encoding to TS1/0 on input line 390.
Package textcomp Info: Setting qtm sub-encoding to TS1/0 on input line 391.
Package textcomp Info: Setting qzc sub-encoding to TS1/0 on input line 392.
Package textcomp Info: Setting qhvc sub-encoding to TS1/0 on input line 393.
Package textcomp Info: Setting futs sub-encoding to TS1/4 on input line 394.
Package textcomp Info: Setting futx sub-encoding to TS1/4 on input line 395.
Package textcomp Info: Setting futj sub-encoding to TS1/4 on input line 396.
Package textcomp Info: Setting hlh sub-encoding to TS1/3 on input line 397.
Package textcomp Info: Setting hls sub-encoding to TS1/3 on input line 398.
Package textcomp Info: Setting hlst sub-encoding to TS1/3 on input line 399.
Package textcomp Info: Setting hlct sub-encoding to TS1/5 on input line 400.
Package textcomp Info: Setting hlx sub-encoding to TS1/5 on input line 401.
Package textcomp Info: Setting hlce sub-encoding to TS1/5 on input line 402.
Package textcomp Info: Setting hlcn sub-encoding to TS1/5 on input line 403.
Package textcomp Info: Setting hlcw sub-encoding to TS1/5 on input line 404.
Package textcomp Info: Setting hlcf sub-encoding to TS1/5 on input line 405.
Package textcomp Info: Setting pplx sub-encoding to TS1/3 on input line 406.
Package textcomp Info: Setting pplj sub-encoding to TS1/3 on input line 407.
Package textcomp Info: Setting ptmx sub-encoding to TS1/4 on input line 408.
Package textcomp Info: Setting ptmj sub-encoding to TS1/4 on input line 409.
)
(/usr/local/texlive/2015/texmf-dist/tex/latex/amsmath/amsmath.sty
Package: amsmath 2013/01/14 v2.14 AMS math features
\@mathmargin=\skip43

For additional information on amsmath, use the `?' option.
(/usr/local/texlive/2015/texmf-dist/tex/latex/amsmath/amstext.sty
Package: amstext 2000/06/29 v2.01

(/usr/local/texlive/2015/texmf-dist/tex/latex/amsmath/amsgen.sty
File: amsgen.sty 1999/11/30 v2.0
\@emptytoks=\toks14
\ex@=\dimen103
))
(/usr/local/texlive/2015/texmf-dist/tex/latex/amsmath/amsbsy.sty
Package: amsbsy 1999/11/29 v1.2d
\pmbraise@=\dimen104
)
(/usr/local/texlive/2015/texmf-dist/tex/latex/amsmath/amsopn.sty
Package: amsopn 1999/12/14 v2.01 operator names
)
\inf@bad=\count88
LaTeX Info: Redefining \frac on input line 210.
\uproot@=\count89
\leftroot@=\count90
LaTeX Info: Redefining \overline on input line 306.
\classnum@=\count91
\DOTSCASE@=\count92
LaTeX Info: Redefining \ldots on input line 378.
LaTeX Info: Redefining \dots on input line 381.
LaTeX Info: Redefining \cdots on input line 466.
\Mathstrutbox@=\box26
\strutbox@=\box27
\big@size=\dimen105
LaTeX Font Info:    Redeclaring font encoding OML on input line 566.
LaTeX Font Info:    Redeclaring font encoding OMS on input line 567.
\macc@depth=\count93
\c@MaxMatrixCols=\count94
\dotsspace@=\muskip10
\c@parentequation=\count95
\dspbrk@lvl=\count96
\tag@help=\toks15
\row@=\count97
\column@=\count98
\maxfields@=\count99
\andhelp@=\toks16
\eqnshift@=\dimen106
\alignsep@=\dimen107
\tagshift@=\dimen108
\tagwidth@=\dimen109
\totwidth@=\dimen110
\lineht@=\dimen111
\@envbody=\toks17
\multlinegap=\skip44
\multlinetaggap=\skip45
\mathdisplay@stack=\toks18
LaTeX Info: Redefining \[ on input line 2665.
LaTeX Info: Redefining \] on input line 2666.
)
(/usr/local/texlive/2015/texmf-dist/tex/latex/ntheorem/ntheorem.sty
Style `ntheorem', Version 1.33 <2011/08/15>
Package: ntheorem 2011/08/15 1.33
(/usr/local/texlive/2015/texmf-dist/tex/latex/base/ifthen.sty
Package: ifthen 2014/09/29 v1.1c Standard LaTeX ifthen package (DPC)
)
\theorem@style=\toks19
\theorem@@style=\toks20
\theorembodyfont=\toks21
\theoremnumbering=\toks22
\theorempreskipamount=\skip46
\theorempostskipamount=\skip47
\theoremframepreskipamount=\skip48
\theoremframepostskipamount=\skip49
\theoreminframepreskipamount=\skip50
\theoreminframepostskipamount=\skip51
\theorem@preskip=\toks23
\theorem@postskip=\toks24
\theorem@framepreskip=\toks25
\theorem@framepostskip=\toks26
\theorem@inframepreskip=\toks27
\theorem@inframepostskip=\toks28
\theoremindent=\dimen112
\theorem@indent=\dimen113
\theoremrightindent=\dimen114
\theorem@rightindent=\dimen115
\theoremheaderfont=\toks29
\theoremseparator=\toks30
\theoremprework=\toks31
\theorempostwork=\toks32
\theoremsymbol=\toks33
\qedsymbol=\toks34
\theoremkeyword=\toks35
\qedsymbol=\toks36
\thm@topsep=\skip52
\thm@topsepadd=\skip53
Package ntheorem Info: Option `thmmarks' loaded on input line 1175.
\c@endNonectr=\count100
\c@currNonectr=\count101
\mysavskip=\skip54
Package ntheorem Info: Option `leqno' loaded on input line 1175.
Package ntheorem Info: option `amsmath' handling for `thmmarks' loaded on input
 line 1175.
\thm@amstmpdepth=\dimen116
\tagwidth=\dimen117
Package ntheorem Info: Option `amsthm' loaded on input line 1175.
\c@proof=\count102
\c@currproofctr=\count103
\c@endproofctr=\count104
)
(/usr/local/texlive/2015/texmf-dist/tex/latex/amsfonts/amssymb.sty
Package: amssymb 2013/01/14 v3.01 AMS font symbols

(/usr/local/texlive/2015/texmf-dist/tex/latex/amsfonts/amsfonts.sty
Package: amsfonts 2013/01/14 v3.01 Basic AMSFonts support
\symAMSa=\mathgroup5
\symAMSb=\mathgroup6
LaTeX Font Info:    Overwriting math alphabet `\mathfrak' in version `bold'
(Font)                  U/euf/m/n --> U/euf/b/n on input line 106.
))
(/usr/local/texlive/2015/texmf-dist/tex/latex/fontspec/fontspec.sty
Package: fontspec 2015/09/24 v2.4e Font selection for XeLaTeX and LuaLaTeX

(/usr/local/texlive/2015/texmf-dist/tex/latex/l3kernel/expl3.sty
Package: expl3 2015/11/04 v6224 L3 programming layer (loader) 

(/usr/local/texlive/2015/texmf-dist/tex/latex/l3kernel/expl3-code.tex
Package: expl3 2015/11/04 v6224 L3 programming layer (code) 
L3 Module: l3bootstrap 2015/10/18 v6213 L3 Bootstrap code
L3 Module: l3names 2015/11/03 v6220 L3 Namespace for primitives
L3 Module: l3basics 2015/09/22 v6033 L3 Basic definitions
L3 Module: l3expan 2015/09/10 v5983 L3 Argument expansion
L3 Module: l3tl 2015/09/29 v6121 L3 Token lists
L3 Module: l3str 2015/09/20 v6021 L3 Strings
L3 Module: l3seq 2015/08/05 v5777 L3 Sequences and stacks
L3 Module: l3int 2015/09/25 v6089 L3 Integers
\c_max_int=\count105
\l_tmpa_int=\count106
\l_tmpb_int=\count107
\g_tmpa_int=\count108
\g_tmpb_int=\count109
L3 Module: l3quark 2015/08/17 v5855 L3 Quarks
L3 Module: l3prg 2015/11/01 v6216 L3 Control structures
\g__prg_map_int=\count110
L3 Module: l3clist 2015/09/02 v5901 L3 Comma separated lists
L3 Module: l3token 2015/09/28 v6114 L3 Experimental token manipulation
L3 Module: l3prop 2015/08/05 v5777 L3 Property lists
L3 Module: l3msg 2015/09/28 v6113 L3 Messages
L3 Module: l3file 2015/09/23 v6037 L3 File and I/O operations
\l_iow_line_count_int=\count111
\l__iow_target_count_int=\count112
\l__iow_current_line_int=\count113
\l__iow_current_word_int=\count114
\l__iow_current_indentation_int=\count115
L3 Module: l3skip 2015/09/25 v6089 L3 Dimensions and skips
\c_zero_dim=\dimen118
\c_max_dim=\dimen119
\l_tmpa_dim=\dimen120
\l_tmpb_dim=\dimen121
\g_tmpa_dim=\dimen122
\g_tmpb_dim=\dimen123
\c_zero_skip=\skip55
\c_max_skip=\skip56
\l_tmpa_skip=\skip57
\l_tmpb_skip=\skip58
\g_tmpa_skip=\skip59
\g_tmpb_skip=\skip60
\c_zero_muskip=\muskip11
\c_max_muskip=\muskip12
\l_tmpa_muskip=\muskip13
\l_tmpb_muskip=\muskip14
\g_tmpa_muskip=\muskip15
\g_tmpb_muskip=\muskip16
L3 Module: l3keys 2015/09/23 v6037 L3 Key-value interfaces
\g__keyval_level_int=\count116
\l_keys_choice_int=\count117
L3 Module: l3fp 2015/08/25 v5890 L3 Floating points
\c__fp_leading_shift_int=\count118
\c__fp_middle_shift_int=\count119
\c__fp_trailing_shift_int=\count120
\c__fp_big_leading_shift_int=\count121
\c__fp_big_middle_shift_int=\count122
\c__fp_big_trailing_shift_int=\count123
\c__fp_Bigg_leading_shift_int=\count124
\c__fp_Bigg_middle_shift_int=\count125
\c__fp_Bigg_trailing_shift_int=\count126
L3 Module: l3box 2015/08/09 v5822 L3 Experimental boxes
\c_empty_box=\box28
\l_tmpa_box=\box29
\l_tmpb_box=\box30
\g_tmpa_box=\box31
\g_tmpb_box=\box32
L3 Module: l3coffins 2015/08/06 v5789 L3 Coffin code layer
\l__coffin_internal_box=\box33
\l__coffin_internal_dim=\dimen124
\l__coffin_offset_x_dim=\dimen125
\l__coffin_offset_y_dim=\dimen126
\l__coffin_x_dim=\dimen127
\l__coffin_y_dim=\dimen128
\l__coffin_x_prime_dim=\dimen129
\l__coffin_y_prime_dim=\dimen130
\c_empty_coffin=\box34
\l__coffin_aligned_coffin=\box35
\l__coffin_aligned_internal_coffin=\box36
\l_tmpa_coffin=\box37
\l_tmpb_coffin=\box38
\l__coffin_display_coffin=\box39
\l__coffin_display_coord_coffin=\box40
\l__coffin_display_pole_coffin=\box41
\l__coffin_display_offset_dim=\dimen131
\l__coffin_display_x_dim=\dimen132
\l__coffin_display_y_dim=\dimen133
L3 Module: l3color 2014/08/23 v5354 L3 Experimental color support
L3 Module: l3candidates 2015/11/01 v6216 L3 Experimental additions to l3kernel
\l__box_top_dim=\dimen134
\l__box_bottom_dim=\dimen135
\l__box_left_dim=\dimen136
\l__box_right_dim=\dimen137
\l__box_top_new_dim=\dimen138
\l__box_bottom_new_dim=\dimen139
\l__box_left_new_dim=\dimen140
\l__box_right_new_dim=\dimen141
\l__box_internal_box=\box42
\l__coffin_bounding_shift_dim=\dimen142
\l__coffin_left_corner_dim=\dimen143
\l__coffin_right_corner_dim=\dimen144
\l__coffin_bottom_corner_dim=\dimen145
\l__coffin_top_corner_dim=\dimen146
\l__coffin_scaled_total_height_dim=\dimen147
\l__coffin_scaled_width_dim=\dimen148
L3 Module: l3sys 2015/09/25 v6087 L3 Experimental system/runtime functions
L3 Module: l3luatex 2015/09/10 v5983 L3 Experimental LuaTeX-specific functions
)
(/usr/local/texlive/2015/texmf-dist/tex/latex/l3kernel/l3unicode-data.def
File: l3unicode-data.def 2015/07/20 v5676 L3 Unicode data
)
(/usr/local/texlive/2015/texmf-dist/tex/latex/l3kernel/l3xdvipdfmx.def
File: l3xdvidpfmx.def 2015/09/10 v5983 L3 Experimental driver: xdvipdfmx
))
(/usr/local/texlive/2015/texmf-dist/tex/latex/l3packages/xparse/xparse.sty
Package: xparse 2015/11/04 v6224 L3 Experimental document command parser
\l__xparse_current_arg_int=\count127
\l__xparse_m_args_int=\count128
\l__xparse_mandatory_args_int=\count129
\l__xparse_processor_int=\count130
\l__xparse_v_nesting_int=\count131
)
\l_fontspec_script_int=\count132
\l_fontspec_language_int=\count133
\l_fontspec_strnum_int=\count134
\l__fontspec_tmpa_dim=\dimen149
\l__fontspec_tmpb_dim=\dimen150
\l__fontspec_tmpc_dim=\dimen151

(/usr/local/texlive/2015/texmf-dist/tex/latex/fontspec/fontspec-patches.sty
Package: fontspec-patches 2015/09/24 v2.4e Font selection for XeLaTeX and LuaLa
TeX
LaTeX Info: Redefining \em on input line 49.
LaTeX Info: Redefining \emph on input line 57.
LaTeX Info: Redefining \- on input line 60.
.................................................
. LaTeX info: "xparse/redefine-command"
. 
. Redefining command \oldstylenums with sig. 'm' on line 155.
.................................................
.................................................
. LaTeX info: "xparse/define-command"
. 
. Defining command \liningnums with sig. 'm' on line 159.
.................................................
)
(/usr/local/texlive/2015/texmf-dist/tex/latex/fontspec/fontspec-xetex.sty
Package: fontspec-xetex 2015/09/24 v2.4e Font selection for XeLaTeX and LuaLaTe
X

(/usr/local/texlive/2015/texmf-dist/tex/latex/base/fontenc.sty
Package: fontenc 2005/09/27 v1.99g Standard LaTeX package

(/usr/local/texlive/2015/texmf-dist/tex/latex/euenc/eu1enc.def
File: eu1enc.def 2010/05/27 v0.1h Experimental Unicode font encodings
)
LaTeX Font Info:    Try loading font information for EU1+lmr on input line 105.


(/usr/local/texlive/2015/texmf-dist/tex/latex/euenc/eu1lmr.fd
File: eu1lmr.fd 2009/10/30 v1.6 Font defs for Latin Modern
))
(/usr/local/texlive/2015/texmf-dist/tex/xelatex/xunicode/xunicode.sty
File: xunicode.sty 2011/09/09 v0.981 provides access to latin accents and many 
other characters in Unicode lower plane

(/usr/local/texlive/2015/texmf-dist/tex/latex/tipa/t3enc.def
File: t3enc.def 2001/12/31 T3 encoding
LaTeX Font Info:    Try loading font information for EU1+lmss on input line 357
.

(/usr/local/texlive/2015/texmf-dist/tex/latex/euenc/eu1lmss.fd
File: eu1lmss.fd 2009/10/30 v1.6 Font defs for Latin Modern
))
\tipaTiiicode=\count135
\tipasavetokens=\toks37
\tipachecktokens=\toks38

(/usr/local/texlive/2015/texmf-dist/tex/latex/graphics/graphicx.sty
Package: graphicx 2014/10/28 v1.0g Enhanced LaTeX Graphics (DPC,SPQR)

(/usr/local/texlive/2015/texmf-dist/tex/latex/graphics/keyval.sty
Package: keyval 2014/10/28 v1.15 key=value parser (DPC)
\KV@toks@=\toks39
)
(/usr/local/texlive/2015/texmf-dist/tex/latex/graphics/graphics.sty
Package: graphics 2014/10/28 v1.0p Standard LaTeX Graphics (DPC,SPQR)

(/usr/local/texlive/2015/texmf-dist/tex/latex/graphics/trig.sty
Package: trig 1999/03/16 v1.09 sin cos tan (DPC)
)
(/usr/local/texlive/2015/texmf-dist/tex/latex/latexconfig/graphics.cfg
File: graphics.cfg 2010/04/23 v1.9 graphics configuration of TeX Live
)
Package graphics Info: Driver file: xetex.def on input line 94.

(/usr/local/texlive/2015/texmf-dist/tex/xelatex/xetex-def/xetex.def
File: xetex.def 2015/09/11 v4.06 LaTeX color/graphics driver for XeTeX (TeX Liv
e/RRM/JK)

(/usr/local/texlive/2015/texmf-dist/tex/generic/oberdiek/infwarerr.sty
Package: infwarerr 2010/04/08 v1.3 Providing info/warning/error messages (HO)
)
(/usr/local/texlive/2015/texmf-dist/tex/generic/oberdiek/ltxcmds.sty
Package: ltxcmds 2011/11/09 v1.22 LaTeX kernel commands for general use (HO)
)))
\Gin@req@height=\dimen152
\Gin@req@width=\dimen153
))
.................................................
. LaTeX info: "xparse/define-command"
. 
. Defining command \__fontspec_post_arg:w with sig. 'mmO{}' on line 42.
.................................................
.................................................
. LaTeX info: "xparse/define-command"
. 
. Defining command \fontspec with sig. 'om' on line 44.
.................................................
.................................................
. LaTeX info: "xparse/define-command"
. 
. Defining command \setmainfont with sig. 'om' on line 54.
.................................................
.................................................
. LaTeX info: "xparse/define-command"
. 
. Defining command \setsansfont with sig. 'om' on line 64.
.................................................
.................................................
. LaTeX info: "xparse/define-command"
. 
. Defining command \setmonofont with sig. 'om' on line 74.
.................................................
.................................................
. LaTeX info: "xparse/define-command"
. 
. Defining command \setmathrm with sig. 'om' on line 88.
.................................................
.................................................
. LaTeX info: "xparse/define-command"
. 
. Defining command \setboldmathrm with sig. 'om' on line 96.
.................................................
.................................................
. LaTeX info: "xparse/define-command"
. 
. Defining command \setmathsf with sig. 'om' on line 104.
.................................................
.................................................
. LaTeX info: "xparse/define-command"
. 
. Defining command \setmathtt with sig. 'om' on line 112.
.................................................
.................................................
. LaTeX info: "xparse/define-command"
. 
. Defining command \newfontfamily with sig. 'mom' on line 126.
.................................................
.................................................
. LaTeX info: "xparse/define-command"
. 
. Defining command \newfontface with sig. 'mom' on line 141.
.................................................
.................................................
. LaTeX info: "xparse/define-command"
. 
. Defining command \defaultfontfeatures with sig. 't+om' on line 155.
.................................................
.................................................
. LaTeX info: "xparse/define-command"
. 
. Defining command \addfontfeatures with sig. 'm' on line 210.
.................................................
.................................................
. LaTeX info: "xparse/define-command"
. 
. Defining command \newfontfeature with sig. 'mm' on line 221.
.................................................
.................................................
. LaTeX info: "xparse/define-command"
. 
. Defining command \newAATfeature with sig. 'mmmm' on line 229.
.................................................
.................................................
. LaTeX info: "xparse/define-command"
. 
. Defining command \newopentypefeature with sig. 'mmm' on line 237.
.................................................
.................................................
. LaTeX info: "xparse/define-command"
. 
. Defining command \aliasfontfeature with sig. 'mm' on line 258.
.................................................
.................................................
. LaTeX info: "xparse/define-command"
. 
. Defining command \aliasfontfeatureoption with sig. 'mmm' on line 267.
.................................................
.................................................
. LaTeX info: "xparse/define-command"
. 
. Defining command \newfontscript with sig. 'mm' on line 272.
.................................................
.................................................
. LaTeX info: "xparse/define-command"
. 
. Defining command \newfontlanguage with sig. 'mm' on line 298.
.................................................
.................................................
. LaTeX info: "xparse/define-command"
. 
. Defining command \DeclareFontsExtensions with sig. 'm' on line 318.
.................................................
\l__fontspec_tmp_int=\count136
LaTeX Info: Redefining \itshape on input line 2227.
LaTeX Info: Redefining \slshape on input line 2232.
LaTeX Info: Redefining \scshape on input line 2237.
LaTeX Info: Redefining \upshape on input line 2242.

(/usr/local/texlive/2015/texmf-dist/tex/latex/fontspec/fontspec.cfg)))
\g__file_internal_ior=\read1
\g__fontspec_family_LinuxLibertineO_int=\count137
.................................................
. fontspec info: "defining-font"
. 
. Font family 'LinuxLibertineO(0)' created for font 'Linux Libertine O' with
. options
. [Mapping=tex-text,Ligatures={Common},Ligatures=TeX,Numbers=OldStyle].
. 
. This font family consists of the following shapes:
. 
. * 'normal' with NFSS spec.:
. <->"Linux Libertine
. O/OT:script=latn;language=DFLT;mapping=tex-text;+liga;mapping=tex-text;+onum;
"
. 
. * 'small caps' with NFSS spec.:
. <->"Linux Libertine
. O/OT:script=latn;language=DFLT;mapping=tex-text;+liga;mapping=tex-text;+onum;
+smcp;"
. and font adjustment code:
. 
. 
. * 'bold' with NFSS spec.:
. <->"Linux Libertine
. O/B/OT:script=latn;language=DFLT;mapping=tex-text;+liga;mapping=tex-text;+onu
m;"
. 
. * 'bold small caps' with NFSS spec.:
. <->"Linux Libertine
. O/B/OT:script=latn;language=DFLT;mapping=tex-text;+liga;mapping=tex-text;+onu
m;+smcp;"
. and font adjustment code:
. 
. 
. * 'italic' with NFSS spec.:
. <->"Linux Libertine
. O/I/OT:script=latn;language=DFLT;mapping=tex-text;+liga;mapping=tex-text;+onu
m;"
. 
. * 'small caps' with NFSS spec.:
. <->"Linux Libertine
. O/I/OT:script=latn;language=DFLT;mapping=tex-text;+liga;mapping=tex-text;+onu
m;+smcp;"
. and font adjustment code:
. 
. 
. * 'bold italic' with NFSS spec.:
. <->"Linux Libertine
. O/BI/OT:script=latn;language=DFLT;mapping=tex-text;+liga;mapping=tex-text;+on
um;"
. 
. * 'bold small caps' with NFSS spec.:
. <->"Linux Libertine
. O/BI/OT:script=latn;language=DFLT;mapping=tex-text;+liga;mapping=tex-text;+on
um;+smcp;"
. and font adjustment code:
. 
.................................................
\g__fontspec_family_LinuxBiolinumO_int=\count138
.................................................
. fontspec info: "defining-font"
. 
. Font family 'LinuxBiolinumO(0)' created for font 'Linux Biolinum O' with
. options
. [Mapping=tex-text,Ligatures={Common},Ligatures=TeX,Numbers=OldStyle].
. 
. This font family consists of the following shapes:
. 
. * 'normal' with NFSS spec.:
. <->"Linux Biolinum
. O/OT:script=latn;language=DFLT;mapping=tex-text;+liga;mapping=tex-text;+onum;
"
. 
. * 'small caps' with NFSS spec.:
. <->"Linux Biolinum
. O/OT:script=latn;language=DFLT;mapping=tex-text;+liga;mapping=tex-text;+onum;
+smcp;"
. and font adjustment code:
. 
. 
. * 'bold' with NFSS spec.:
. <->"Linux Biolinum
. O/B/OT:script=latn;language=DFLT;mapping=tex-text;+liga;mapping=tex-text;+onu
m;"
. 
. * 'bold small caps' with NFSS spec.:
. <->"Linux Biolinum
. O/B/OT:script=latn;language=DFLT;mapping=tex-text;+liga;mapping=tex-text;+onu
m;+smcp;"
. and font adjustment code:
. 
. 
. * 'italic' with NFSS spec.:
. <->"Linux Biolinum
. O/I/OT:script=latn;language=DFLT;mapping=tex-text;+liga;mapping=tex-text;+onu
m;"
. 
. * 'small caps' with NFSS spec.:
. <->"Linux Biolinum
. O/I/OT:script=latn;language=DFLT;mapping=tex-text;+liga;mapping=tex-text;+onu
m;+smcp;"
. and font adjustment code:
. 
. 
. * 'bold italic' with NFSS spec.:
. <->"Linux Biolinum
. O/BI/OT:script=latn;language=DFLT;mapping=tex-text;+liga;mapping=tex-text;+on
um;"
. 
. * 'bold small caps' with NFSS spec.:
. <->"Linux Biolinum
. O/BI/OT:script=latn;language=DFLT;mapping=tex-text;+liga;mapping=tex-text;+on
um;+smcp;"
. and font adjustment code:
. 
.................................................
.................................................
. fontspec info: "no-scripts"
. 
. Font Menlo does not contain any OpenType `Script' information.
.................................................
.................................................
. fontspec info: "set-scale"
. 
. Menlo scale = 0.7873976715463184.
.................................................
\g__fontspec_family_Menlo_int=\count139
.................................................
. fontspec info: "set-scale"
. 
. Menlo scale = 0.7873976715463184.
.................................................
.................................................
. fontspec info: "set-scale"
. 
. Menlo/B scale = 0.7873976715463184.
.................................................
.................................................
. fontspec info: "set-scale"
. 
. Menlo/I scale = 0.7873976715463184.
.................................................
.................................................
. fontspec info: "set-scale"
. 
. Menlo/BI scale = 0.7873976715463184.
.................................................
.................................................
. fontspec info: "defining-font"
. 
. Font family 'Menlo(0)' created for font 'Menlo' with options
. [Mapping=tex-text,Ligatures={Common},WordSpace={1,0,0},PunctuationSpace=WordS
pace,Scale=MatchLowercase].
. 
. This font family consists of the following shapes:
. 
. * 'normal' with NFSS spec.:
. <->s*[0.7873976715463184]"Menlo/AAT:mapping=tex-text;Ligatures=Common
. Ligatures;"
. 
. * 'small caps' with NFSS spec.:
. 
. and font adjustment code:
. \fontdimen 2\font =1\fontdimen 2\font \fontdimen 3\font =0\fontdimen 3\font
. \fontdimen 4\font =0\fontdimen 4\font \fontdimen 7\font =0\fontdimen 2\font 
. 
. * 'bold' with NFSS spec.:
. <->s*[0.7873976715463184]"Menlo/B/AAT:mapping=tex-text;Ligatures=Common
. Ligatures;"
. 
. * 'bold small caps' with NFSS spec.:
. 
. and font adjustment code:
. \fontdimen 2\font =1\fontdimen 2\font \fontdimen 3\font =0\fontdimen 3\font
. \fontdimen 4\font =0\fontdimen 4\font \fontdimen 7\font =0\fontdimen 2\font 
. 
. * 'italic' with NFSS spec.:
. <->s*[0.7873976715463184]"Menlo/I/AAT:mapping=tex-text;Ligatures=Common
. Ligatures;"
. 
. * 'small caps' with NFSS spec.:
. 
. and font adjustment code:
. \fontdimen 2\font =1\fontdimen 2\font \fontdimen 3\font =0\fontdimen 3\font
. \fontdimen 4\font =0\fontdimen 4\font \fontdimen 7\font =0\fontdimen 2\font 
. 
. * 'bold italic' with NFSS spec.:
. <->s*[0.7873976715463184]"Menlo/BI/AAT:mapping=tex-text;Ligatures=Common
. Ligatures;"
. 
. * 'bold small caps' with NFSS spec.:
. 
. and font adjustment code:
. \fontdimen 2\font =1\fontdimen 2\font \fontdimen 3\font =0\fontdimen 3\font
. \fontdimen 4\font =0\fontdimen 4\font \fontdimen 7\font =0\fontdimen 2\font 
.................................................

(/usr/local/texlive/2015/texmf-dist/tex/latex/unicode-math/unicode-math.sty
Package: unicode-math 2015/09/24 v0.8c Unicode maths in XeLaTeX and LuaLaTeX

(/usr/local/texlive/2015/texmf-dist/tex/generic/ifxetex/ifxetex.sty
Package: ifxetex 2010/09/12 v0.6 Provides ifxetex conditional
)
(/usr/local/texlive/2015/texmf-dist/tex/generic/oberdiek/ifluatex.sty
Package: ifluatex 2010/03/01 v1.3 Provides the ifluatex switch (HO)
Package ifluatex Info: LuaTeX not detected.
)
(/usr/local/texlive/2015/texmf-dist/tex/latex/ucharcat/ucharcat.sty
Package: ucharcat 2015/11/19 v0.03 ucharcat for luaLaTeX (DPC)
)
(/usr/local/texlive/2015/texmf-dist/tex/latex/l3packages/l3keys2e/l3keys2e.sty
Package: l3keys2e 2015/11/04 v6224 LaTeX2e option processing using LaTeX3 keys
) (/usr/local/texlive/2015/texmf-dist/tex/latex/base/fix-cm.sty
Package: fix-cm 2015/01/14 v1.1t fixes to LaTeX

(/usr/local/texlive/2015/texmf-dist/tex/latex/base/ts1enc.def
File: ts1enc.def 2001/06/05 v3.0e (jk/car/fm) Standard LaTeX file
LaTeX Font Info:    Redeclaring font encoding TS1 on input line 47.
))
(/usr/local/texlive/2015/texmf-dist/tex/latex/filehook/filehook.sty
Package: filehook 2011/10/12 v0.5d Hooks for input files
)
\g__um_fam_int=\count140
\g__um_primekern_muskip=\muskip17
\l__um_primecount_int=\count141
.................................................
. LaTeX info: "xparse/define-command"
. 
. Defining command \unimathsetup with sig. 'm' on line 168.
.................................................

(/usr/local/texlive/2015/texmf-dist/tex/latex/unicode-math/unicode-math-xetex.s
ty
.................................................
. LaTeX info: "xparse/define-command"
. 
. Defining command \setmathfontface with sig. 'mO{}mO{}' on line 165.
.................................................
.................................................
. LaTeX info: "xparse/define-command"
. 
. Defining command \setoperatorfont with sig. 'm' on line 169.
.................................................
.................................................
. LaTeX info: "xparse/define-command"
. 
. Defining command \setmathfont with sig. 'O{}mO{}' on line 278.
.................................................
.................................................
. LaTeX info: "xparse/define-command"
. 
. Defining command \addnolimits with sig. 'm' on line 520.
.................................................
.................................................
. LaTeX info: "xparse/define-command"
. 
. Defining command \removenolimits with sig. 'm' on line 524.
.................................................

(/usr/local/texlive/2015/texmf-dist/tex/latex/unicode-math/unicode-math-table.t
ex)
.................................................
. unicode-math info: "patch-macro"
. 
. I'm going to patch macro \subarray.
.................................................
.................................................
. unicode-math info: "patch-macro"
. 
. I'm going to patch macro \r@@t.
.................................................
))
*************************************************
* fontspec warning: "icu-feature-not-exist-in-font"
* 
* OpenType feature 'Ligatures=Common' (+liga) not available for font 'XITS
* Math' with script 'Math' and language 'Default'.
*************************************************
.................................................
. fontspec info: "set-scale"
. 
. XITS Math scale = 0.9533318413628471.
.................................................
\g__fontspec_family_XITSMath_int=\count142
*************************************************
* fontspec warning: "icu-feature-not-exist-in-font"
* 
* OpenType feature 'Ligatures=Common' (+liga) not available for font 'XITS
* Math' with script 'Math' and language 'Default'.
*************************************************
.................................................
. fontspec info: "set-scale"
. 
. XITS Math scale = 0.9533318413628471.
.................................................
*************************************************
* fontspec warning: "icu-feature-not-exist-in-font"
* 
* OpenType feature 'Ligatures=Common' (+liga) not available for font 'XITS
* Math' with script 'Math' and language 'Default'.
*************************************************
.................................................
. fontspec info: "set-scale"
. 
. XITS Math scale = 0.9533318413628471.
.................................................
*************************************************
* fontspec warning: "icu-feature-not-exist-in-font"
* 
* OpenType feature 'Ligatures=Common' (+liga) not available for font 'XITS
* Math' with script 'Math' and language 'Default'.
*************************************************
.................................................
. fontspec info: "set-scale"
. 
. XITS Math scale = 0.9533318413628471.
.................................................
*************************************************
* fontspec warning: "icu-feature-not-exist-in-font"
* 
* OpenType feature 'Ligatures=Common' (+liga) not available for font 'XITS
* Math/B' with script 'Math' and language 'Default'.
*************************************************
.................................................
. fontspec info: "set-scale"
. 
. XITS Math/B scale = 0.9305841037200327.
.................................................
.................................................
. fontspec info: "defining-font"
. 
. Font family 'XITSMath(0)' created for font 'XITS Math' with options
. [Mapping=tex-text,Ligatures={Common},BoldItalicFont={},ItalicFont={},Script=M
ath,SizeFeatures={{Size=10-},{Size=7-10,Font=XITS
. Math,Style=MathScript},{Size=-7,Font=XITS
. Math,Style=MathScriptScript}},Scale={MatchLowercase}].
. 
. This font family consists of the following shapes:
. 
. * 'normal' with NFSS spec.:
. <10->s*[0.9533318413628471]"XITS
. Math/OT:script=math;language=DFLT;mapping=tex-text;"<7-10>s*[0.95333184136284
71]"XITS
. Math/OT:script=math;language=DFLT;mapping=tex-text;+ssty=0;"<-7>s*[0.95333184
13628471]"XITS
. Math/OT:script=math;language=DFLT;mapping=tex-text;+ssty=1;"
. 
. * 'small caps' with NFSS spec.:
. 
. and font adjustment code:
. 
. 
. * 'bold' with NFSS spec.:
. <->s*[0.9305841037200327]"XITS
. Math/B/OT:script=math;language=DFLT;mapping=tex-text;"
. 
. * 'bold small caps' with NFSS spec.:
. 
. and font adjustment code:
. 
.................................................
LaTeX Font Info:    Font shape `EU1/XITSMath(0)/m/n' will be
(Font)              scaled to size 9.53339pt on input line 15.
*************************************************
* fontspec warning: "icu-feature-not-exist-in-font"
* 
* OpenType feature 'Ligatures=Common' (+liga) not available for font 'XITS
* Math' with script 'Math' and language 'Default'.
*************************************************
.................................................
. fontspec info: "set-scale"
. 
. XITS Math scale = 0.9533318413628471.
.................................................
LaTeX Font Info:    Encoding `OT1' has changed to `EU1' for symbol font
(Font)              `operators' in the math version `normal' on input line 15.
LaTeX Font Info:    Overwriting symbol font `operators' in version `normal'
(Font)                  OT1/cmr/m/n --> EU1/XITSMath(0)/m/n on input line 15.
LaTeX Font Info:    Encoding `OT1' has changed to `EU1' for symbol font
(Font)              `operators' in the math version `bold' on input line 15.
LaTeX Font Info:    Overwriting symbol font `operators' in version `bold'
(Font)                  OT1/cmr/bx/n --> EU1/XITSMath(0)/bx/n on input line 15.

*************************************************
* fontspec warning: "icu-feature-not-exist-in-font"
* 
* OpenType feature 'Ligatures=Common' (+liga) not available for font 'XITS
* Math' with script 'Math' and language 'Default'.
*************************************************
.................................................
. fontspec info: "set-scale"
. 
. XITS Math scale = 0.9533318413628471.
.................................................
*************************************************
* fontspec warning: "icu-feature-not-exist-in-font"
* 
* OpenType feature 'Ligatures=Common' (+liga) not available for font 'XITS
* Math' with script 'Math' and language 'Default'.
*************************************************
.................................................
. fontspec info: "set-scale"
. 
. XITS Math scale = 0.9533318413628471.
.................................................
*************************************************
* fontspec warning: "icu-feature-not-exist-in-font"
* 
* OpenType feature 'Ligatures=Common' (+liga) not available for font 'XITS
* Math' with script 'Math' and language 'Default'.
*************************************************
.................................................
. fontspec info: "set-scale"
. 
. XITS Math scale = 0.9533318413628471.
.................................................
*************************************************
* fontspec warning: "icu-feature-not-exist-in-font"
* 
* OpenType feature 'Ligatures=Common' (+liga) not available for font 'XITS
* Math' with script 'Math' and language 'Default'.
*************************************************
.................................................
. fontspec info: "set-scale"
. 
. XITS Math scale = 0.9533318413628471.
.................................................
*************************************************
* fontspec warning: "icu-feature-not-exist-in-font"
* 
* OpenType feature 'Ligatures=Common' (+liga) not available for font 'XITS
* Math/B' with script 'Math' and language 'Default'.
*************************************************
.................................................
. fontspec info: "set-scale"
. 
. XITS Math/B scale = 0.9305841037200327.
.................................................
.................................................
. fontspec info: "defining-font"
. 
. Font family 'XITSMath(1)' created for font 'XITS Math' with options
. [Mapping=tex-text,Ligatures={Common},BoldItalicFont={},ItalicFont={},Script=M
ath,SizeFeatures={{Size=10-},{Size=7-10,Font=XITS
. Math,Style=MathScript},{Size=-7,Font=XITS
. Math,Style=MathScriptScript}},Scale={MatchLowercase},Scale=1.00001,FontAdjust
ment={\fontdimen
. 8\font =5.8pt\relax \relax \fontdimen 9\font =4.8pt\relax \relax \fontdimen
. 10\font =4.8pt\relax \relax \fontdimen 11\font =7.0pt\relax \relax
. \fontdimen 12\font =4.8pt\relax \relax \fontdimen 13\font =4.0pt\relax
. \relax \fontdimen 14\font =4.0pt\relax \relax \fontdimen 15\font
. =2.75pt\relax \relax \fontdimen 16\font =2.5pt\relax \relax \fontdimen
. 17\font =2.5pt\relax \relax \fontdimen 18\font =3.75pt\relax \relax
. \fontdimen 19\font =0.5pt\relax \relax \fontdimen 20\font =0pt\relax
. \fontdimen 21\font =0pt\relax \fontdimen 22\font =2.5pt\relax \relax }].
. 
. This font family consists of the following shapes:
. 
. * 'normal' with NFSS spec.:
. <10->s*[1.00001]"XITS
. Math/OT:script=math;language=DFLT;mapping=tex-text;"<7-10>s*[1.00001]"XITS
. Math/OT:script=math;language=DFLT;mapping=tex-text;+ssty=0;"<-7>s*[1.00001]"X
ITS
. Math/OT:script=math;language=DFLT;mapping=tex-text;+ssty=1;"
. 
. * 'small caps' with NFSS spec.:
. 
. and font adjustment code:
. \fontdimen 8\font =5.8pt\relax \relax \fontdimen 9\font =4.8pt\relax \relax
. \fontdimen 10\font =4.8pt\relax \relax \fontdimen 11\font =7.0pt\relax
. \relax \fontdimen 12\font =4.8pt\relax \relax \fontdimen 13\font
. =4.0pt\relax \relax \fontdimen 14\font =4.0pt\relax \relax \fontdimen
. 15\font =2.75pt\relax \relax \fontdimen 16\font =2.5pt\relax \relax
. \fontdimen 17\font =2.5pt\relax \relax \fontdimen 18\font =3.75pt\relax
. \relax \fontdimen 19\font =0.5pt\relax \relax \fontdimen 20\font =0pt\relax
. \fontdimen 21\font =0pt\relax \fontdimen 22\font =2.5pt\relax \relax 
. 
. * 'bold' with NFSS spec.:
. <->s*[1.00001]"XITS Math/B/OT:script=math;language=DFLT;mapping=tex-text;"
. 
. * 'bold small caps' with NFSS spec.:
. 
. and font adjustment code:
. \fontdimen 8\font =5.8pt\relax \relax \fontdimen 9\font =4.8pt\relax \relax
. \fontdimen 10\font =4.8pt\relax \relax \fontdimen 11\font =7.0pt\relax
. \relax \fontdimen 12\font =4.8pt\relax \relax \fontdimen 13\font
. =4.0pt\relax \relax \fontdimen 14\font =4.0pt\relax \relax \fontdimen
. 15\font =2.75pt\relax \relax \fontdimen 16\font =2.5pt\relax \relax
. \fontdimen 17\font =2.5pt\relax \relax \fontdimen 18\font =3.75pt\relax
. \relax \fontdimen 19\font =0.5pt\relax \relax \fontdimen 20\font =0pt\relax
. \fontdimen 21\font =0pt\relax \fontdimen 22\font =2.5pt\relax \relax 
.................................................
LaTeX Font Info:    Encoding `OMS' has changed to `EU1' for symbol font
(Font)              `symbols' in the math version `normal' on input line 15.
LaTeX Font Info:    Overwriting symbol font `symbols' in version `normal'
(Font)                  OMS/cmsy/m/n --> EU1/XITSMath(1)/m/n on input line 15.
LaTeX Font Info:    Encoding `OMS' has changed to `EU1' for symbol font
(Font)              `symbols' in the math version `bold' on input line 15.
LaTeX Font Info:    Overwriting symbol font `symbols' in version `bold'
(Font)                  OMS/cmsy/b/n --> EU1/XITSMath(1)/bx/n on input line 15.

*************************************************
* fontspec warning: "icu-feature-not-exist-in-font"
* 
* OpenType feature 'Ligatures=Common' (+liga) not available for font 'XITS
* Math' with script 'Math' and language 'Default'.
*************************************************
.................................................
. fontspec info: "set-scale"
. 
. XITS Math scale = 0.9533318413628471.
.................................................
*************************************************
* fontspec warning: "icu-feature-not-exist-in-font"
* 
* OpenType feature 'Ligatures=Common' (+liga) not available for font 'XITS
* Math' with script 'Math' and language 'Default'.
*************************************************
.................................................
. fontspec info: "set-scale"
. 
. XITS Math scale = 0.9533318413628471.
.................................................
*************************************************
* fontspec warning: "icu-feature-not-exist-in-font"
* 
* OpenType feature 'Ligatures=Common' (+liga) not available for font 'XITS
* Math' with script 'Math' and language 'Default'.
*************************************************
.................................................
. fontspec info: "set-scale"
. 
. XITS Math scale = 0.9533318413628471.
.................................................
*************************************************
* fontspec warning: "icu-feature-not-exist-in-font"
* 
* OpenType feature 'Ligatures=Common' (+liga) not available for font 'XITS
* Math' with script 'Math' and language 'Default'.
*************************************************
.................................................
. fontspec info: "set-scale"
. 
. XITS Math scale = 0.9533318413628471.
.................................................
*************************************************
* fontspec warning: "icu-feature-not-exist-in-font"
* 
* OpenType feature 'Ligatures=Common' (+liga) not available for font 'XITS
* Math/B' with script 'Math' and language 'Default'.
*************************************************
.................................................
. fontspec info: "set-scale"
. 
. XITS Math/B scale = 0.9305841037200327.
.................................................
.................................................
. fontspec info: "defining-font"
. 
. Font family 'XITSMath(2)' created for font 'XITS Math' with options
. [Mapping=tex-text,Ligatures={Common},BoldItalicFont={},ItalicFont={},Script=M
ath,SizeFeatures={{Size=10-},{Size=7-10,Font=XITS
. Math,Style=MathScript},{Size=-7,Font=XITS
. Math,Style=MathScriptScript}},Scale={MatchLowercase},Scale=0.99999,FontAdjust
ment={\fontdimen
. 8\font =0.66pt\relax \relax \fontdimen 9\font =1.5pt\relax \relax \fontdimen
. 10\font =1.5pt\relax \relax \fontdimen 11\font =3.0pt\relax \relax
. \fontdimen 12\font =6.0pt\relax \relax \fontdimen 13\font =0pt\relax }].
. 
. This font family consists of the following shapes:
. 
. * 'normal' with NFSS spec.:
. <10->s*[0.99999]"XITS
. Math/OT:script=math;language=DFLT;mapping=tex-text;"<7-10>s*[0.99999]"XITS
. Math/OT:script=math;language=DFLT;mapping=tex-text;+ssty=0;"<-7>s*[0.99999]"X
ITS
. Math/OT:script=math;language=DFLT;mapping=tex-text;+ssty=1;"
. 
. * 'small caps' with NFSS spec.:
. 
. and font adjustment code:
. \fontdimen 8\font =0.66pt\relax \relax \fontdimen 9\font =1.5pt\relax \relax
. \fontdimen 10\font =1.5pt\relax \relax \fontdimen 11\font =3.0pt\relax
. \relax \fontdimen 12\font =6.0pt\relax \relax \fontdimen 13\font =0pt\relax 
. 
. * 'bold' with NFSS spec.:
. <->s*[0.99999]"XITS Math/B/OT:script=math;language=DFLT;mapping=tex-text;"
. 
. * 'bold small caps' with NFSS spec.:
. 
. and font adjustment code:
. \fontdimen 8\font =0.66pt\relax \relax \fontdimen 9\font =1.5pt\relax \relax
. \fontdimen 10\font =1.5pt\relax \relax \fontdimen 11\font =3.0pt\relax
. \relax \fontdimen 12\font =6.0pt\relax \relax \fontdimen 13\font =0pt\relax 
.................................................
LaTeX Font Info:    Encoding `OMX' has changed to `EU1' for symbol font
(Font)              `largesymbols' in the math version `normal' on input line 1
5.
LaTeX Font Info:    Overwriting symbol font `largesymbols' in version `normal'
(Font)                  OMX/cmex/m/n --> EU1/XITSMath(2)/m/n on input line 15.
LaTeX Font Info:    Encoding `OMX' has changed to `EU1' for symbol font
(Font)              `largesymbols' in the math version `bold' on input line 15.

LaTeX Font Info:    Overwriting symbol font `largesymbols' in version `bold'
(Font)                  OMX/cmex/m/n --> EU1/XITSMath(2)/bx/n on input line 15.

*************************************************
* fontspec warning: "icu-feature-not-exist-in-font"
* 
* OpenType feature 'Ligatures=Common' (+liga) not available for font 'Linux
* Libertine O' with script 'Math' and language 'Default'.
*************************************************
*************************************************
* fontspec warning: "icu-feature-not-exist-in-font"
* 
* OpenType feature 'Ligatures=Common' (+liga) not available for font 'Linux
* Libertine O' with script 'Math' and language 'Default'.
*************************************************
*************************************************
* fontspec warning: "icu-feature-not-exist-in-font"
* 
* OpenType feature 'Ligatures=Common' (+liga) not available for font 'Linux
* Libertine O' with script 'Math' and language 'Default'.
*************************************************
*************************************************
* fontspec warning: "icu-feature-not-exist-in-font"
* 
* OpenType feature 'Style=MathScript' (+ssty) not available for font 'Linux
* Libertine O' with script 'Math' and language 'Default'.
*************************************************
*************************************************
* fontspec warning: "icu-feature-not-exist-in-font"
* 
* OpenType feature 'Ligatures=Common' (+liga) not available for font 'Linux
* Libertine O' with script 'Math' and language 'Default'.
*************************************************
*************************************************
* fontspec warning: "icu-feature-not-exist-in-font"
* 
* OpenType feature 'Style=MathScriptScript' (+ssty) not available for font
* 'Linux Libertine O' with script 'Math' and language 'Default'.
*************************************************
*************************************************
* fontspec warning: "icu-feature-not-exist-in-font"
* 
* OpenType feature 'Ligatures=Common' (+liga) not available for font 'Linux
* Libertine O/B' with script 'Math' and language 'Default'.
*************************************************
.................................................
. fontspec info: "defining-font"
. 
. Font family 'LinuxLibertineO(1)' created for font 'Linux Libertine O' with
. options
. [Mapping=tex-text,Ligatures={Common},BoldItalicFont={},ItalicFont={},Script=M
ath,SizeFeatures={{Size=10-},{Size=7.4711-10,Font=Linux
. Libertine O,Style=MathScript},{Size=-7.4711,Font=Linux Libertine
. O,Style=MathScriptScript}}].
. 
. This font family consists of the following shapes:
. 
. * 'normal' with NFSS spec.:
. <10->"Linux Libertine
. O/OT:script=math;language=DFLT;mapping=tex-text;"<7.4711-10>"Linux Libertine
. O/OT:script=math;language=DFLT;mapping=tex-text;"<-7.4711>"Linux Libertine
. O/OT:script=math;language=DFLT;mapping=tex-text;"
. 
. * 'small caps' with NFSS spec.:
. 
. and font adjustment code:
. 
. 
. * 'bold' with NFSS spec.:
. <->"Linux Libertine O/B/OT:script=math;language=DFLT;mapping=tex-text;"
. 
. * 'bold small caps' with NFSS spec.:
. 
. and font adjustment code:
. 
.................................................
\sym__um_fam1=\mathgroup7
LaTeX Font Info:    Overwriting symbol font `__um_fam1' in version `normal'
(Font)                  EU1/LinuxLibertineO(1)/m/n --> EU1/LinuxLibertineO(1)/m
/n on input line 16.
LaTeX Font Info:    Overwriting symbol font `__um_fam1' in version `bold'
(Font)                  EU1/LinuxLibertineO(1)/m/n --> EU1/LinuxLibertineO(1)/b
x/n on input line 16.
*************************************************
* fontspec warning: "script-not-exist-latn"
* 
* Font 'Linux Libertine O Bold' does not contain script 'Math'.
* 'Latin' script used instead.
*************************************************
\g__fontspec_family_LinuxLibertineOBold_int=\count143
.................................................
. fontspec info: "no-font-shape"
. 
. Could not resolve font Linux Libertine O Bold/B (it probably doesn't exist).
.................................................
*************************************************
* fontspec warning: "icu-feature-not-exist-in-font"
* 
* OpenType feature 'Style=MathScript' (+ssty) not available for font 'Linux
* Libertine O Bold' with script 'Math' and language 'Default'.
*************************************************
*************************************************
* fontspec warning: "icu-feature-not-exist-in-font"
* 
* OpenType feature 'Style=MathScript' (+ssty) not available for font 'Linux
* Libertine O Bold' with script 'Math' and language 'Default'.
*************************************************
*************************************************
* fontspec warning: "icu-feature-not-exist-in-font"
* 
* OpenType feature 'Style=MathScriptScript' (+ssty) not available for font
* 'Linux Libertine O Bold' with script 'Math' and language 'Default'.
*************************************************
*************************************************
* fontspec warning: "icu-feature-not-exist-in-font"
* 
* OpenType feature 'Style=MathScriptScript' (+ssty) not available for font
* 'Linux Libertine O Bold' with script 'Math' and language 'Default'.
*************************************************
.................................................
. fontspec info: "defining-font"
. 
. Font family 'LinuxLibertineOBold(0)' created for font 'Linux Libertine O
. Bold' with options
. [Mapping=tex-text,Ligatures={Common},BoldItalicFont={},ItalicFont={},Script=M
ath,SizeFeatures={{Size=10-},{Size=7.4711-10,Font=Linux
. Libertine O Bold,Style=MathScript},{Size=-7.4711,Font=Linux Libertine O
. Bold,Style=MathScriptScript}}].
. 
. This font family consists of the following shapes:
. 
. * 'normal' with NFSS spec.:
. <10->"Linux Libertine O
. Bold/OT:script=latn;language=DFLT;mapping=tex-text;+liga;"<7.4711-10>"Linux
. Libertine O
. Bold/OT:script=latn;language=DFLT;mapping=tex-text;+liga;"<-7.4711>"Linux
. Libertine O Bold/OT:script=latn;language=DFLT;mapping=tex-text;+liga;"
. 
. * 'small caps' with NFSS spec.:
. <10->"Linux Libertine O
. Bold/OT:script=latn;language=DFLT;mapping=tex-text;+liga;+smcp;"<7.4711-10>"L
inux
. Libertine O
. Bold/OT:script=latn;language=DFLT;mapping=tex-text;+liga;+smcp;"<-7.4711>"Lin
ux
. Libertine O Bold/OT:script=latn;language=DFLT;mapping=tex-text;+liga;+smcp;"
. and font adjustment code:
. 
.................................................
\sym__um_fam2=\mathgroup8
LaTeX Font Info:    Overwriting symbol font `__um_fam2' in version `normal'
(Font)                  EU1/LinuxLibertineOBold(0)/m/n --> EU1/LinuxLibertineOB
old(0)/m/n on input line 17.
LaTeX Font Info:    Overwriting symbol font `__um_fam2' in version `bold'
(Font)                  EU1/LinuxLibertineOBold(0)/m/n --> EU1/LinuxLibertineOB
old(0)/bx/n on input line 17.
(/usr/local/texlive/2015/texmf-dist/tex/latex/polyglossia/polyglossia.sty
Package: polyglossia 2015/08/06 v1.42.0 Alternative to Babel for XeLaTeX and Lu
aLaTeX

(/usr/local/texlive/2015/texmf-dist/tex/latex/etoolbox/etoolbox.sty
Package: etoolbox 2015/08/02 v2.2a e-TeX tools for LaTeX (JAW)
\etb@tempcnta=\count144
)
(/usr/local/texlive/2015/texmf-dist/tex/latex/makecmds/makecmds.sty
Package: makecmds 2009/09/03 v1.0a extra command making commands
)
(/usr/local/texlive/2015/texmf-dist/tex/latex/xkeyval/xkeyval.sty
Package: xkeyval 2014/12/03 v2.7a package option processing (HA)

(/usr/local/texlive/2015/texmf-dist/tex/generic/xkeyval/xkeyval.tex
(/usr/local/texlive/2015/texmf-dist/tex/generic/xkeyval/xkvutils.tex
\XKV@toks=\toks40
\XKV@tempa@toks=\toks41
)
\XKV@depth=\count145
File: xkeyval.tex 2014/12/03 v2.7a key=value parser (HA)
))
\xpg@normalclass=\XeTeXcharclass4
)
(/usr/local/texlive/2015/texmf-dist/tex/latex/polyglossia/gloss-english.ldf
File: gloss-english.ldf polyglossia: module for english
)
Package polyglossia Info: Default language is english.

(/usr/local/texlive/2015/texmf-dist/tex/latex/setspace/setspace.sty
Package: setspace 2011/12/19 v6.7a set line spacing
)
(/usr/local/texlive/2015/texmf-dist/tex/latex/natbib/natbib.sty
Package: natbib 2010/09/13 8.31b (PWD, AO)
\bibhang=\skip61
\bibsep=\skip62
LaTeX Info: Redefining \cite on input line 694.
\c@NAT@ctr=\count146
)
(/usr/local/texlive/2015/texmf-dist/tex/latex/footmisc/footmisc.sty
Package: footmisc 2011/06/06 v5.5b a miscellany of footnote facilities
\FN@temptoken=\toks42
\footnotemargin=\dimen154
\c@pp@next@reset=\count147
Package footmisc Info: Declaring symbol style bringhurst on input line 855.
Package footmisc Info: Declaring symbol style chicago on input line 863.
Package footmisc Info: Declaring symbol style wiley on input line 872.
Package footmisc Info: Declaring symbol style lamport-robust on input line 883.

Package footmisc Info: Declaring symbol style lamport* on input line 903.
Package footmisc Info: Declaring symbol style lamport*-robust on input line 924
.
)
(/Users/antony/Library/texmf/tex/latex/unused/prooftree.sty
<Paul Taylor's Proof Trees, 2 August 1996>
\proofrulebreadth=\dimen155
\proofdotseparation=\dimen156
\proofrulebaseline=\dimen157
\proofdotnumber=\count148
\shortenproofleft=\dimen158
\shortenproofright=\dimen159
\proofbelowshift=\dimen160
\proofabove=\box43
\proofbelow=\box44
\proofrulename=\box45
)
(/usr/local/texlive/2015/texmf-dist/tex/generic/xypic/xy.sty
(/usr/local/texlive/2015/texmf-dist/tex/generic/xypic/xy.tex Bootstrap'ing:
catcodes, docmode,
(/usr/local/texlive/2015/texmf-dist/tex/generic/xypic/xyrecat.tex)
(/usr/local/texlive/2015/texmf-dist/tex/generic/xypic/xyidioms.tex)

 Xy-pic version 3.8.9 <2013/10/06>
 Copyright (c) 1991-2013 by Kristoffer H. Rose <krisrose@tug.org> and others
 Xy-pic is free software: see the User's Guide for details.

Loading kernel: messages; fonts; allocations: state,
\X@c=\dimen161
\Y@c=\dimen162
\U@c=\dimen163
\D@c=\dimen164
\L@c=\dimen165
\R@c=\dimen166
\Edge@c=\toks43
\X@p=\dimen167
\Y@p=\dimen168
\U@p=\dimen169
\D@p=\dimen170
\L@p=\dimen171
\R@p=\dimen172
\Edge@p=\toks44
\X@origin=\dimen173
\Y@origin=\dimen174
\X@xbase=\dimen175
\Y@xbase=\dimen176
\X@ybase=\dimen177
\Y@ybase=\dimen178
\X@min=\dimen179
\Y@min=\dimen180
\X@max=\dimen181
\Y@max=\dimen182
\lastobjectbox@=\box46
\zerodotbox@=\box47
\almostz@=\dimen183
 direction,
\d@X=\dimen184
\d@Y=\dimen185
\K@=\count149
\KK@=\count150
\Direction=\count151
\K@dXdY=\dimen186
\K@dYdX=\dimen187
\xyread@=\read2
\xywrite@=\write3
\csp@=\count152
\quotPTK@=\dimen188

utility macros; pictures: \xy, positions,
\swaptoks@@=\toks45
\connectobjectbox@@=\box48
 objects,
\styletoks@=\toks46
 decorations;
kernel objects: directionals, circles, text; options; algorithms: directions,
edges, connections;  Xy-pic loaded)
(/usr/local/texlive/2015/texmf-dist/tex/generic/oberdiek/ifpdf.sty
Package: ifpdf 2011/01/30 v2.3 Provides the ifpdf switch (HO)
Package ifpdf Info: pdfTeX in PDF mode is not detected.
)
Package: xy 2013/10/06 Xy-pic version 3.8.9

(/usr/local/texlive/2015/texmf-dist/tex/generic/xypic/xyall.tex
 Xy-pic option: All features v.3.8
(/usr/local/texlive/2015/texmf-dist/tex/generic/xypic/xycurve.tex
 Xy-pic option: Curve and Spline extension v.3.12 curve,
\crv@cnt@=\count153
\crvpts@=\toks47
\splinebox@=\box49
\splineval@=\dimen189
\splinedepth@=\dimen190
\splinetol@=\dimen191
\splinelength@=\dimen192
 circles,
\L@=\dimen193
 loaded)
(/usr/local/texlive/2015/texmf-dist/tex/generic/xypic/xyframe.tex
 Xy-pic option: Frame and Bracket extension v.3.14 loaded)
(/usr/local/texlive/2015/texmf-dist/tex/generic/xypic/xycmtip.tex
 Xy-pic option: Computer Modern tip extension v.3.7
(/usr/local/texlive/2015/texmf-dist/tex/generic/xypic/xytips.tex
 Xy-pic option: More Tips extension v.3.11 loaded) loaded)
(/usr/local/texlive/2015/texmf-dist/tex/generic/xypic/xyline.tex
 Xy-pic option: Line styles extension v.3.10
\xylinethick@=\dimen194
 loaded)
(/usr/local/texlive/2015/texmf-dist/tex/generic/xypic/xyrotate.tex
 Xy-pic option: Rotate and Scale extension v.3.8 loaded)
(/usr/local/texlive/2015/texmf-dist/tex/generic/xypic/xycolor.tex
 Xy-pic option: Colour extension v.3.11 loaded)
(/usr/local/texlive/2015/texmf-dist/tex/generic/xypic/xymatrix.tex
 Xy-pic option: Matrix feature v.3.14
\Row=\count154
\Col=\count155
\queue@=\toks48
\queue@@=\toks49
\qcount@=\count156
\qcount@@=\count157
\matrixsize@=\count158
 loaded)
(/usr/local/texlive/2015/texmf-dist/tex/generic/xypic/xyarrow.tex
 Xy-pic option: Arrow and Path feature v.3.9 path, \ar, loaded)
(/usr/local/texlive/2015/texmf-dist/tex/generic/xypic/xygraph.tex
 Xy-pic option: Graph feature v.3.11 loaded) loaded))
(/usr/local/texlive/2015/texmf-dist/tex/latex/phonetic/phonetic.sty
\temp=\dimen195
)
(/usr/local/texlive/2015/texmf-dist/tex/latex/metalogo/metalogo.sty
Package: metalogo 2010/05/29 v0.12 Extended TeX logo macros
\xl@everylogo=\toks50
\xl@@everylogo=\toks51
LaTeX Info: Redefining \TeX on input line 193.
LaTeX Info: Redefining \LaTeX on input line 202.
LaTeX Info: Redefining \LaTeXe on input line 219.
)
(/usr/local/texlive/2015/texmf-dist/tex/latex/stmaryrd/stmaryrd.sty
Package: stmaryrd 1994/03/03 St Mary's Road symbol package
\symstmry=\mathgroup9
LaTeX Font Info:    Overwriting symbol font `stmry' in version `bold'
(Font)                  U/stmry/m/n --> U/stmry/b/n on input line 89.
)
(/usr/local/texlive/2015/texmf-dist/tex/latex/tabulary/tabulary.sty
Package: tabulary 2014/06/11 v0.10 tabulary package (DPC)

(/usr/local/texlive/2015/texmf-dist/tex/latex/tools/array.sty
Package: array 2014/10/28 v2.4c Tabular extension package (FMi)
\col@sep=\dimen196
\extrarowheight=\dimen197
\NC@list=\toks52
\extratabsurround=\skip63
\backup@length=\skip64
)
\TY@count=\count159
\TY@linewidth=\dimen198
\tymin=\dimen199
\tymax=\dimen256
\TY@tablewidth=\dimen257
)
(/usr/local/texlive/2015/texmf-dist/tex/latex/booktabs/booktabs.sty
Package: booktabs 2005/04/14 v1.61803 publication quality tables
\heavyrulewidth=\dimen258
\lightrulewidth=\dimen259
\cmidrulewidth=\dimen260
\belowrulesep=\dimen261
\belowbottomsep=\dimen262
\aboverulesep=\dimen263
\abovetopsep=\dimen264
\cmidrulesep=\dimen265
\cmidrulekern=\dimen266
\defaultaddspace=\dimen267
\@cmidla=\count160
\@cmidlb=\count161
\@aboverulesep=\dimen268
\@belowrulesep=\dimen269
\@thisruleclass=\count162
\@lastruleclass=\count163
\@thisrulewidth=\dimen270
)
(/usr/local/texlive/2015/texmf-dist/tex/latex/multirow/multirow.sty
\bigstrutjot=\dimen271
)
(/usr/local/texlive/2015/texmf-dist/tex/latex/textcase/textcase.sty
Package: textcase 2004/10/07 v0.07 Text only upper/lower case changing (DPC)
)
(/usr/local/texlive/2015/texmf-dist/tex/latex/fancyhdr/fancyhdr.sty
\fancy@headwidth=\skip65
\f@ncyO@elh=\skip66
\f@ncyO@erh=\skip67
\f@ncyO@olh=\skip68
\f@ncyO@orh=\skip69
\f@ncyO@elf=\skip70
\f@ncyO@erf=\skip71
\f@ncyO@olf=\skip72
\f@ncyO@orf=\skip73
)
(/usr/local/texlive/2015/texmf-dist/tex/latex/gb4e/gb4e.sty
(/usr/local/texlive/2015/texmf-dist/tex/latex/gb4e/cgloss4e.sty
\lineone=\box50
\linetwo=\box51
\linethree=\box52
\wordone=\box53
\wordtwo=\box54
\wordthree=\box55
\gline=\box56
\glossglue=\skip74
)
\c@fnx=\count164
\@xnumdepth=\count165
\c@xnumi=\count166
\c@xnumii=\count167
\c@xnumiii=\count168
\c@xnumiv=\count169
\c@exx=\count170
\c@rxnumi=\count171
\c@rxnumii=\count172
\c@rxnumiii=\count173
\c@rxnumiv=\count174
\lcommentsep=\skip75
)
(/usr/local/texlive/2015/texmf-dist/tex/latex/isodate/isodate.sty
Package: isodate 2010/01/03 v2.30 Print dates with different formats (HH)

(/usr/local/texlive/2015/texmf-dist/tex/latex/substr/substr.sty
Package: substr 2009/10/20 v1.2 Handle substrings
\c@su@anzahl=\count175
)
(/usr/local/texlive/2015/texmf-dist/tex/latex/isodate/english.idf
File: english.idf 2010/01/03 v2.30 Language definitions for isodate package (HH
)

Define commands for English date format
)
\c@iso@tmpmonth=\count176
\c@iso@yeartwo=\count177
\c@iso@slash=\count178
\c@iso@minus=\count179
\c@iso@dot=\count180
\c@iso@@slash=\count181
\c@iso@@minus=\count182
\c@iso@@dot=\count183
) (/usr/local/texlive/2015/texmf-dist/tex/latex/geometry/geometry.sty
Package: geometry 2010/09/12 v5.6 Page Geometry

(/usr/local/texlive/2015/texmf-dist/tex/generic/oberdiek/ifvtex.sty
Package: ifvtex 2010/03/01 v1.5 Detect VTeX and its facilities (HO)
Package ifvtex Info: VTeX not detected.
)
\Gm@cnth=\count184
\Gm@cntv=\count185
\c@Gm@tempcnt=\count186
\Gm@bindingoffset=\dimen272
\Gm@wd@mp=\dimen273
\Gm@odd@mp=\dimen274
\Gm@even@mp=\dimen275
\Gm@layoutwidth=\dimen276
\Gm@layoutheight=\dimen277
\Gm@layouthoffset=\dimen278
\Gm@layoutvoffset=\dimen279
\Gm@dimlist=\toks53
)
\c@currtheoremctr=\count187
\c@endtheoremctr=\count188
\c@theorem=\count189
\c@currlemmactr=\count190
\c@endlemmactr=\count191
\c@currcorolctr=\count192
\c@endcorolctr=\count193
\c@currdefinitionctr=\count194
\c@enddefinitionctr=\count195
\c@definition=\count196
\c@curraxiomctr=\count197
\c@endaxiomctr=\count198
\c@axiom=\count199

(/usr/local/texlive/2015/texmf-dist/tex/latex/hyperref/hyperref.sty
Package: hyperref 2012/11/06 v6.83m Hypertext links for LaTeX

(/usr/local/texlive/2015/texmf-dist/tex/generic/oberdiek/hobsub-hyperref.sty
Package: hobsub-hyperref 2012/05/28 v1.13 Bundle oberdiek, subset hyperref (HO)


(/usr/local/texlive/2015/texmf-dist/tex/generic/oberdiek/hobsub-generic.sty
Package: hobsub-generic 2012/05/28 v1.13 Bundle oberdiek, subset generic (HO)
Package: hobsub 2012/05/28 v1.13 Construct package bundles (HO)
Package hobsub Info: Skipping package `infwarerr' (already loaded).
Package hobsub Info: Skipping package `ltxcmds' (already loaded).
Package hobsub Info: Skipping package `ifluatex' (already loaded).
Package hobsub Info: Skipping package `ifvtex' (already loaded).
Package: intcalc 2007/09/27 v1.1 Expandable calculations with integers (HO)
Package hobsub Info: Skipping package `ifpdf' (already loaded).
Package: etexcmds 2011/02/16 v1.5 Avoid name clashes with e-TeX commands (HO)
Package etexcmds Info: Could not find \expanded.
(etexcmds)             That can mean that you are not using pdfTeX 1.50 or
(etexcmds)             that some package has redefined \expanded.
(etexcmds)             In the latter case, load this package earlier.
Package: kvsetkeys 2012/04/25 v1.16 Key value parser (HO)
Package: kvdefinekeys 2011/04/07 v1.3 Define keys (HO)
Package: pdftexcmds 2011/11/29 v0.20 Utility functions of pdfTeX for LuaTeX (HO
)
Package pdftexcmds Info: LuaTeX not detected.
Package pdftexcmds Info: pdfTeX >= 1.30 not detected.
Package pdftexcmds Info: \pdf@primitive is available.
Package pdftexcmds Info: \pdf@ifprimitive is available.
Package pdftexcmds Info: \pdfdraftmode not found.
Package: pdfescape 2011/11/25 v1.13 Implements pdfTeX's escape features (HO)
Package: bigintcalc 2012/04/08 v1.3 Expandable calculations on big integers (HO
)
Package: bitset 2011/01/30 v1.1 Handle bit-vector datatype (HO)
Package: uniquecounter 2011/01/30 v1.2 Provide unlimited unique counter (HO)
)
Package hobsub Info: Skipping package `hobsub' (already loaded).
Package: letltxmacro 2010/09/02 v1.4 Let assignment for LaTeX macros (HO)
Package: hopatch 2012/05/28 v1.2 Wrapper for package hooks (HO)
Package: xcolor-patch 2011/01/30 xcolor patch
Package: atveryend 2011/06/30 v1.8 Hooks at the very end of document (HO)
Package: atbegshi 2011/10/05 v1.16 At begin shipout hook (HO)
Package: refcount 2011/10/16 v3.4 Data extraction from label references (HO)
Package: hycolor 2011/01/30 v1.7 Color options for hyperref/bookmark (HO)
)
(/usr/local/texlive/2015/texmf-dist/tex/latex/oberdiek/auxhook.sty
Package: auxhook 2011/03/04 v1.3 Hooks for auxiliary files (HO)
)
(/usr/local/texlive/2015/texmf-dist/tex/latex/oberdiek/kvoptions.sty
Package: kvoptions 2011/06/30 v3.11 Key value format for package options (HO)
)
\@linkdim=\dimen280
\Hy@linkcounter=\count266
\Hy@pagecounter=\count267

(/usr/local/texlive/2015/texmf-dist/tex/latex/hyperref/pd1enc.def
File: pd1enc.def 2012/11/06 v6.83m Hyperref: PDFDocEncoding definition (HO)
)
\Hy@SavedSpaceFactor=\count268

(/usr/local/texlive/2015/texmf-dist/tex/latex/latexconfig/hyperref.cfg
File: hyperref.cfg 2002/06/06 v1.2 hyperref configuration of TeXLive
)
Package hyperref Info: Option `draft' set `true' on input line 4319.
Package hyperref Info: Option `unicode' set `true' on input line 4319.

(/usr/local/texlive/2015/texmf-dist/tex/latex/hyperref/puenc.def
File: puenc.def 2012/11/06 v6.83m Hyperref: PDF Unicode definition (HO)
)
Package hyperref Info: Option `unicode' set `true' on input line 4319.

(/usr/local/texlive/2015/texmf-dist/tex/generic/oberdiek/stringenc.sty
Package: stringenc 2011/12/02 v1.10 Convert strings between diff. encodings (HO
)
)
Package hyperref Info: Option `plainpages' set `false' on input line 4319.
Package hyperref Info: Option `colorlinks' set `false' on input line 4319.

(/usr/local/texlive/2015/texmf-dist/tex/generic/oberdiek/se-ascii-print.def
File: se-ascii-print.def 2011/12/02 v1.10 stringenc: Printable ASCII characters

)
Package hyperref Info: Hyper figures OFF on input line 4443.
Package hyperref Info: Link nesting OFF on input line 4448.
Package hyperref Info: Hyper index ON on input line 4451.
Package hyperref Info: Plain pages OFF on input line 4458.
Package hyperref Info: Backreferencing OFF on input line 4463.
Package hyperref Info: Implicit mode ON; LaTeX internals redefined.
Package hyperref Info: Bookmarks ON on input line 4688.
\c@Hy@tempcnt=\count269

(/usr/local/texlive/2015/texmf-dist/tex/latex/url/url.sty
\Urlmuskip=\muskip18
Package: url 2013/09/16  ver 3.4  Verb mode for urls, etc.
)
LaTeX Info: Redefining \url on input line 5041.
\XeTeXLinkMargin=\dimen281
\Fld@menulength=\count270
\Field@Width=\dimen282
\Fld@charsize=\dimen283
Package hyperref Info: Hyper figures OFF on input line 6295.
Package hyperref Info: Link nesting OFF on input line 6300.
Package hyperref Info: Hyper index ON on input line 6303.
Package hyperref Info: backreferencing OFF on input line 6310.
Package hyperref Info: Link coloring OFF on input line 6315.
Package hyperref Info: Link coloring with OCG OFF on input line 6320.
Package hyperref Info: PDF/A mode OFF on input line 6325.
LaTeX Info: Redefining \ref on input line 6365.
LaTeX Info: Redefining \pageref on input line 6369.
\Hy@abspage=\count271
\c@Item=\count272
\c@Hfootnote=\count273
)

Package hyperref Message: Driver (autodetected): hxetex.

(/usr/local/texlive/2015/texmf-dist/tex/latex/hyperref/hxetex.def
File: hxetex.def 2012/11/06 v6.83m Hyperref driver for XeTeX
\pdfm@box=\box57
\c@Hy@AnnotLevel=\count274
\HyField@AnnotCount=\count275
\Fld@listcount=\count276
\c@bookmark@seq@number=\count277

(/usr/local/texlive/2015/texmf-dist/tex/latex/oberdiek/rerunfilecheck.sty
Package: rerunfilecheck 2011/04/15 v1.7 Rerun checks for auxiliary files (HO)
Package rerunfilecheck Info: Feature \pdfmdfivesum is not available
(rerunfilecheck)             (e.g. pdfTeX or LuaTeX with package `pdftexcmds').

(rerunfilecheck)             Therefore file contents cannot be checked efficien
tly
(rerunfilecheck)             and the loading of the package is aborted.
)
\Hy@SectionHShift=\skip76
)
(./edl.aux)
\openout1 = `edl.aux'.

LaTeX Font Info:    Checking defaults for OML/cmm/m/it on input line 99.
LaTeX Font Info:    ... okay on input line 99.
LaTeX Font Info:    Checking defaults for T1/cmr/m/n on input line 99.
LaTeX Font Info:    ... okay on input line 99.
LaTeX Font Info:    Checking defaults for OT1/cmr/m/n on input line 99.
LaTeX Font Info:    ... okay on input line 99.
LaTeX Font Info:    Checking defaults for OMS/cmsy/m/n on input line 99.
LaTeX Font Info:    ... okay on input line 99.
LaTeX Font Info:    Checking defaults for OMX/cmex/m/n on input line 99.
LaTeX Font Info:    ... okay on input line 99.
LaTeX Font Info:    Checking defaults for U/cmr/m/n on input line 99.
LaTeX Font Info:    ... okay on input line 99.
LaTeX Font Info:    Checking defaults for TS1/cmr/m/n on input line 99.
LaTeX Font Info:    ... okay on input line 99.
LaTeX Font Info:    Checking defaults for EU1/lmr/m/n on input line 99.
LaTeX Font Info:    ... okay on input line 99.
LaTeX Font Info:    Checking defaults for T3/cmr/m/n on input line 99.
LaTeX Font Info:    Try loading font information for T3+cmr on input line 99.
 (/usr/local/texlive/2015/texmf-dist/tex/latex/tipa/t3cmr.fd
File: t3cmr.fd 2001/12/31 TIPA font definitions
)
LaTeX Font Info:    ... okay on input line 99.
LaTeX Font Info:    Checking defaults for PD1/pdf/m/n on input line 99.
LaTeX Font Info:    ... okay on input line 99.
LaTeX Font Info:    Checking defaults for PU/pdf/m/n on input line 99.
LaTeX Font Info:    ... okay on input line 99.
Package polyglossia Info: Option: english variant=australian.

isodate: babel.sty has been loaded
*geometry* driver: auto-detecting
*geometry* detected driver: xetex
*geometry* verbose mode - [ preamble ] result:
* driver: xetex
* paper: custom
* layout: <same size as paper>
* layoutoffset:(h,v)=(0.0pt,0.0pt)
* modes: twoside heightrounded 
* h-part:(L,W,R)=(52.63777pt, 328.94731pt, 52.03491pt)
* v-part:(T,H,B)=(68.99802pt, 503.37958pt, 78.0524pt)
* \paperwidth=433.62pt
* \paperheight=650.43pt
* \textwidth=328.94731pt
* \textheight=505.90295pt
* \oddsidemargin=-19.63222pt
* \evensidemargin=-20.23508pt
* \topmargin=-35.14577pt
* \headheight=12.0pt
* \headsep=19.8738pt
* \topskip=11.0pt
* \footskip=27.46295pt
* \marginparwidth=116.0pt
* \marginparsep=7.0pt
* \columnsep=22.76228pt
* \skip\footins=14.0pt plus 6.0pt minus 2.0pt
* \hoffset=0.0pt
* \voffset=0.0pt
* \mag=1000
* \@twocolumnfalse
* \@twosidetrue
* \@mparswitchtrue
* \@reversemarginfalse
* (1in=72.27pt=25.4mm, 1cm=28.453pt)

\AtBeginShipoutBox=\box58

Package hyperref Warning: Draft mode on.

Package hyperref Info: Link coloring OFF on input line 99.
(/usr/local/texlive/2015/texmf-dist/tex/latex/hyperref/nameref.sty
Package: nameref 2012/10/27 v2.43 Cross-referencing by name of section

(/usr/local/texlive/2015/texmf-dist/tex/generic/oberdiek/gettitlestring.sty
Package: gettitlestring 2010/12/03 v1.4 Cleanup title references (HO)
)
\c@section@level=\count278
)
LaTeX Info: Redefining \ref on input line 99.
LaTeX Info: Redefining \pageref on input line 99.
LaTeX Info: Redefining \nameref on input line 99.

[1

] [2

]
Underfull \hbox (badness 10000) in paragraph at lines 125--126

 []


Underfull \hbox (badness 10000) in paragraph at lines 127--128

 []


Underfull \hbox (badness 10000) in paragraph at lines 131--132

 []

[1]
LaTeX Font Info:    Font shape `EU1/Menlo(0)/m/n' will be
(Font)              scaled to size 8.62201pt on input line 143.
LaTeX Font Info:    Font shape `EU1/XITSMath(0)/m/n' will be
(Font)              scaled to size 7.12248pt on input line 147.
LaTeX Font Info:    Font shape `EU1/XITSMath(0)/m/n' will be
(Font)              scaled to size 5.74797pt on input line 147.
LaTeX Font Info:    Font shape `EU1/XITSMath(1)/m/n' will be
(Font)              scaled to size 10.00015pt on input line 147.
LaTeX Font Info:    Font shape `EU1/XITSMath(1)/m/n' will be
(Font)              scaled to size 7.4712pt on input line 147.
LaTeX Font Info:    Font shape `EU1/XITSMath(1)/m/n' will be
(Font)              scaled to size 6.0294pt on input line 147.
LaTeX Font Info:    Font shape `EU1/XITSMath(2)/m/n' will be
(Font)              scaled to size 9.99985pt on input line 147.
LaTeX Font Info:    Font shape `EU1/XITSMath(2)/m/n' will be
(Font)              scaled to size 7.47098pt on input line 147.
LaTeX Font Info:    Font shape `EU1/XITSMath(2)/m/n' will be
(Font)              scaled to size 6.0292pt on input line 147.
LaTeX Font Info:    Try loading font information for U+msa on input line 147.
 (/usr/local/texlive/2015/texmf-dist/tex/latex/amsfonts/umsa.fd
File: umsa.fd 2013/01/14 v3.01 AMS symbols A
)
LaTeX Font Info:    Try loading font information for U+msb on input line 147.

(/usr/local/texlive/2015/texmf-dist/tex/latex/amsfonts/umsb.fd
File: umsb.fd 2013/01/14 v3.01 AMS symbols B
)
LaTeX Font Info:    Try loading font information for U+stmry on input line 147.


(/usr/local/texlive/2015/texmf-dist/tex/latex/stmaryrd/Ustmry.fd)

LaTeX Font Warning: Font shape `U/stmry/m/n' in size <7.4711> not available
(Font)              size <7> substituted on input line 147.

[2] [3

] (./edl.toc
LaTeX Font Info:    Font shape `EU1/XITSMath(0)/m/n' will be
(Font)              scaled to size 10.43904pt on input line 10.
LaTeX Font Info:    Font shape `EU1/XITSMath(0)/m/n' will be
(Font)              scaled to size 7.62671pt on input line 10.
LaTeX Font Info:    Font shape `EU1/XITSMath(0)/m/n' will be
(Font)              scaled to size 5.72003pt on input line 10.
LaTeX Font Info:    Font shape `EU1/XITSMath(1)/m/n' will be
(Font)              scaled to size 10.95015pt on input line 10.
LaTeX Font Info:    Font shape `EU1/XITSMath(1)/m/n' will be
(Font)              scaled to size 8.00012pt on input line 10.
LaTeX Font Info:    Font shape `EU1/XITSMath(1)/m/n' will be
(Font)              scaled to size 6.00009pt on input line 10.
LaTeX Font Info:    Font shape `EU1/XITSMath(2)/m/n' will be
(Font)              scaled to size 10.94983pt on input line 10.
LaTeX Font Info:    Font shape `EU1/XITSMath(2)/m/n' will be
(Font)              scaled to size 7.99988pt on input line 10.
LaTeX Font Info:    Font shape `EU1/XITSMath(2)/m/n' will be
(Font)              scaled to size 5.99991pt on input line 10.
 [4

] [5] [6])
\tf@toc=\write4
\openout4 = `edl.toc'.

 [7] (./edl.lot)
\tf@lot=\write5
\openout5 = `edl.lot'.

 [8

] (./edl.lof)
\tf@lof=\write6
\openout6 = `edl.lof'.

 [9

]
Underfull \hbox (badness 10000) in paragraph at lines 181--181

 []

[10]
Chapter 0.
LaTeX Font Info:    Font shape `EU1/XITSMath(0)/m/n' will be
(Font)              scaled to size 8.58005pt on input line 190.
LaTeX Font Info:    Font shape `EU1/XITSMath(0)/m/n' will be
(Font)              scaled to size 4.7667pt on input line 190.
LaTeX Font Info:    Font shape `EU1/XITSMath(1)/m/n' will be
(Font)              scaled to size 9.00014pt on input line 190.
LaTeX Font Info:    Font shape `EU1/XITSMath(1)/m/n' will be
(Font)              scaled to size 5.00008pt on input line 190.
LaTeX Font Info:    Font shape `EU1/XITSMath(2)/m/n' will be
(Font)              scaled to size 8.99986pt on input line 190.
LaTeX Font Info:    Font shape `EU1/XITSMath(2)/m/n' will be
(Font)              scaled to size 4.99992pt on input line 190.
[1

] [2] [3] [4]
Chapter 1.
(./edl-1.tex [5

]
Package hyperref Info: bookmark level for unknown definition defaults to 0 on i
nput line 20.
Package hyperref Info: bookmark level for unknown theorem defaults to 0 on inpu
t line 30.
 [6]
Package hyperref Info: bookmark level for unknown proof defaults to 0 on input 
line 35.
 [7] [8] [9] [10] [11] [12]) [13]
Chapter 2.
(./edl-2.tex [14

]
Package hyperref Info: bookmark level for unknown axiom defaults to 0 on input 
line 11.
 [15] [16] [17] [18]
Missing character: There is no ^^@ in font Linux Libertine O Bold/OT:script=lat
n;language=DFLT;mapping=tex-text;+liga;!
Missing character: There is no ^^@ in font Linux Libertine O Bold/OT:script=lat
n;language=DFLT;mapping=tex-text;+liga;!
 [19] [20]

LaTeX Warning: Reference `cridorpa' on page 21 undefined on input line 126.

[21] [22] [23]
Missing character: There is no ^^@ in font Linux Libertine O Bold/OT:script=lat
n;language=DFLT;mapping=tex-text;+liga;!
 [24] [25] [26] [27] [28] [29]) [30]
Chapter 3.
LaTeX Font Info:    Font shape `EU1/XITSMath(0)/m/n' will be
(Font)              scaled to size 23.71906pt on input line 215.
LaTeX Font Info:    Font shape `EU1/XITSMath(0)/m/n' will be
(Font)              scaled to size 19.77225pt on input line 215.
LaTeX Font Info:    Font shape `EU1/XITSMath(0)/m/n' will be
(Font)              scaled to size 16.47368pt on input line 215.
LaTeX Font Info:    Font shape `EU1/XITSMath(1)/m/n' will be
(Font)              scaled to size 24.88037pt on input line 215.
LaTeX Font Info:    Font shape `EU1/XITSMath(1)/m/n' will be
(Font)              scaled to size 20.74031pt on input line 215.
LaTeX Font Info:    Font shape `EU1/XITSMath(1)/m/n' will be
(Font)              scaled to size 17.28026pt on input line 215.
LaTeX Font Info:    Font shape `EU1/XITSMath(2)/m/n' will be
(Font)              scaled to size 24.87962pt on input line 215.
LaTeX Font Info:    Font shape `EU1/XITSMath(2)/m/n' will be
(Font)              scaled to size 20.73969pt on input line 215.
LaTeX Font Info:    Font shape `EU1/XITSMath(2)/m/n' will be
(Font)              scaled to size 17.27972pt on input line 215.
(./edl-3.tex [31

] [32] [33] [34] [35] [36] [37]
LaTeX Font Info:    Font shape `EU1/XITSMath(0)/m/n' will be
(Font)              scaled to size 13.72806pt on input line 119.
LaTeX Font Info:    Font shape `EU1/XITSMath(0)/m/n' will be
(Font)              scaled to size 6.67337pt on input line 119.
LaTeX Font Info:    Font shape `EU1/XITSMath(1)/m/n' will be
(Font)              scaled to size 14.4002pt on input line 119.
LaTeX Font Info:    Font shape `EU1/XITSMath(1)/m/n' will be
(Font)              scaled to size 7.0001pt on input line 119.
LaTeX Font Info:    Font shape `EU1/XITSMath(2)/m/n' will be
(Font)              scaled to size 14.39977pt on input line 119.
LaTeX Font Info:    Font shape `EU1/XITSMath(2)/m/n' will be
(Font)              scaled to size 6.9999pt on input line 119.
 [38]
Package hyperref Info: bookmark level for unknown lemma defaults to 0 on input 
line 126.
 [39]) [40]
Chapter 4.
(./edl-4.tex [41

] [42] [43] [44] [45] [46]
Overfull \hbox (27.38986pt too wide) in paragraph at lines 116--117
[]\EU1/LinuxLibertineO(0)/m/it/10.95 If $[] [] [][][][] [] [] [][][]$, then for
 every $[][]$ structure $[]$, $[]$ satisfies $[]$ iff $[][] []|
 []

[47]
Package hyperref Info: bookmark level for unknown corol defaults to 0 on input 
line 136.
 [48] [49]
Missing character: There is no ^^@ in font Linux Libertine O Bold/OT:script=lat
n;language=DFLT;mapping=tex-text;+liga;!
 [50] [51] [52] [53] [54] [55]
Missing character: There is no ^^@ in font Linux Libertine O Bold/OT:script=lat
n;language=DFLT;mapping=tex-text;+liga;!
Missing character: There is no ^^@ in font Linux Libertine O Bold/OT:script=lat
n;language=DFLT;mapping=tex-text;+liga;!
Missing character: There is no ^^@ in font Linux Libertine O Bold/OT:script=lat
n;language=DFLT;mapping=tex-text;+liga;!
Missing character: There is no ^^@ in font Linux Libertine O Bold/OT:script=lat
n;language=DFLT;mapping=tex-text;+liga;!
Missing character: There is no ^^@ in font Linux Libertine O Bold/OT:script=lat
n;language=DFLT;mapping=tex-text;+liga;!
Missing character: There is no ^^@ in font Linux Libertine O Bold/OT:script=lat
n;language=DFLT;mapping=tex-text;+liga;!
Missing character: There is no ^^@ in font Linux Libertine O Bold/OT:script=lat
n;language=DFLT;mapping=tex-text;+liga;!
 [56] [57]
Missing character: There is no ^^@ in font Linux Libertine O Bold/OT:script=lat
n;language=DFLT;mapping=tex-text;+liga;!
 [58] [59]) [60]
Chapter 5.
(./edl-5.tex [61

] [62] [63] [64] [65] [66] [67] [68]
Missing character: There is no ^^@ in font Linux Libertine O Bold/OT:script=lat
n;language=DFLT;mapping=tex-text;+liga;!
 [69] [70]
Missing character: There is no ^^@ in font Linux Libertine O Bold/OT:script=lat
n;language=DFLT;mapping=tex-text;+liga;!
Missing character: There is no ^^@ in font Linux Libertine O Bold/OT:script=lat
n;language=DFLT;mapping=tex-text;+liga;!
Missing character: There is no ^^@ in font Linux Libertine O Bold/OT:script=lat
n;language=DFLT;mapping=tex-text;+liga;!
 [71] [72]
[73] [74] [75] [76] [77]
Missing character: There is no ^^@ in font Linux Libertine O Bold/OT:script=lat
n;language=DFLT;mapping=tex-text;+liga;!
) [78]
Chapter 6.
(./edl-6.tex [79

] [80] [81] [82] [83] [84] [85]
LaTeX Font Info:    Font shape `EU1/XITSMath(0)/bx/n' will be
(Font)              scaled to size 10.18993pt on input line 204.
LaTeX Font Info:    Font shape `EU1/XITSMath(0)/bx/n' will be
(Font)              scaled to size 7.4447pt on input line 204.
LaTeX Font Info:    Font shape `EU1/XITSMath(0)/bx/n' will be
(Font)              scaled to size 5.58353pt on input line 204.
LaTeX Font Info:    Font shape `EU1/XITSMath(1)/bx/n' will be
(Font)              scaled to size 10.95015pt on input line 204.
LaTeX Font Info:    Font shape `EU1/XITSMath(1)/bx/n' will be
(Font)              scaled to size 8.00012pt on input line 204.
LaTeX Font Info:    Font shape `EU1/XITSMath(1)/bx/n' will be
(Font)              scaled to size 6.00009pt on input line 204.
LaTeX Font Info:    Font shape `EU1/XITSMath(2)/bx/n' will be
(Font)              scaled to size 10.94983pt on input line 204.
LaTeX Font Info:    Font shape `EU1/XITSMath(2)/bx/n' will be
(Font)              scaled to size 7.99988pt on input line 204.
LaTeX Font Info:    Font shape `EU1/XITSMath(2)/bx/n' will be
(Font)              scaled to size 5.99991pt on input line 204.
LaTeX Font Info:    Font shape `U/lasy/b/n' in size <8> not available
(Font)              Font shape `U/lasy/m/n' tried instead on input line 204.
LaTeX Font Info:    Font shape `U/lasy/b/n' in size <6> not available
(Font)              Font shape `U/lasy/m/n' tried instead on input line 204.


LaTeX Font Warning: Font shape `EU1/LinuxLibertineOBold(0)/bx/n' undefined
(Font)              using `EU1/LinuxLibertineOBold(0)/m/n' instead on input lin
e 204.


LaTeX Font Warning: Font shape `U/stmry/b/n' undefined
(Font)              using `U/stmry/m/n' instead on input line 204.

[86]
Missing character: There is no ^^@ in font Linux Libertine O Bold/OT:script=lat
n;language=DFLT;mapping=tex-text;+liga;!
 [87] [88] [89] [90]
Overfull \hbox (11.85298pt too wide) detected at line 341
 []|
 []

[91] [92] [93] [94] [95]
Overfull \hbox (13.78561pt too wide) in paragraph at lines 489--490
[]\EU1/LinuxLibertineO(0)/m/n/10 Using that translation, can you show that the 
proof system $[][][]$|
 []

[96] [97]) [98]
Chapter 7.
(./edl-7.tex [99

] [100] [101] [102]
Overfull \hbox (0.84154pt too wide) in paragraph at lines 104--104
[]\EU1/LinuxLibertineO(0)/m/n/10.95 Supposing $[][] []$ to be formulae of $[][]
$, $[]$ a vari-|
 []

[103] [104] [105] [106] [107] [108] [109] [110] [111]
Overfull \hbox (17.04185pt too wide) in paragraph at lines 296--297
[]\EU1/LinuxLibertineO(0)/m/n/10 Prove that, for all structures $[]$ and variab
le assignments $[]$, $[][] [] [][]$. |
 []

[112]) [113]
Chapter 8.
(./edl-8.tex
Underfull \hbox (badness 2478) in paragraph at lines 23--23
[]|\EU1/LinuxLibertineO(0)/m/n/9 Provided $[]$ doesnt occur in
 []


Underfull \hbox (badness 2478) in paragraph at lines 30--31
[]|\EU1/LinuxLibertineO(0)/m/n/9 Provided $[]$ doesnt occur in
 []


Underfull \hbox (badness 1348) in paragraph at lines 30--31
[][][]$\EU1/LinuxLibertineO(0)/m/n/9 , in $[]$, or in any undis-
 []

[114

] [115]
Underfull \hbox (badness 10000) in paragraph at lines 58--59

 []


Overfull \hbox (7.65611pt too wide) in paragraph at lines 60--77
[] $[]$ |
 []

[116] [117] [118] [119] [120] [121] [122] [123] [124] [125] [126] [127])
[128]
Chapter 9.
(./edl-9.tex [129

] [130] [131] [132] [133]
LaTeX Font Info:    Try loading font information for U+phon on input line 143.

(/usr/local/texlive/2015/texmf-dist/tex/latex/phonetic/Uphon.fd) [134] [135]
[136] [137] [138] [139]
Overfull \hbox (22.13272pt too wide) in paragraph at lines 305--306
[]\EU1/LinuxLibertineO(0)/m/n/10 One much-discussed philosophical analysis of t
he consequences of the Lwenheim-|
 []


Overfull \hbox (14.57445pt too wide) in paragraph at lines 307--308
\EU1/LinuxLibertineO(0)/m/n/10 classial logic generally is Burgess 2009. Free l
ogics are treated by Bostock (1997: 8.4|
 []

[140] [141] [142]) [143]
Chapter 10.
(./edl-10.tex [144

] [145] [146] [147] [148] [149] [150] [151] [152] [153]
[154] [155] [156] [157] [158] [159] [160] [161] <xymatrix 2x2 250> <xymatrix
2x2 222> [162]
Overfull \hbox (1.37314pt too wide) in paragraph at lines 293--294
[]\EU1/LinuxLibertineO(0)/m/n/10.95 A relation is \EU1/LinuxLibertineO(0)/m/it/
10.95 anti-symmetric \EU1/LinuxLibertineO(0)/m/n/10.95 iff whenever|
 []

<xymatrix 2x2 264> <xymatrix 2x2 338> [163] [164] [165] <xymatrix 2x2 483>
[166]
Missing character: There is no ^^@ in font Linux Libertine O Bold/OT:script=lat
n;language=DFLT;mapping=tex-text;+liga;!
 [167] [168] [169] [170]
Overfull \hbox (3.95116pt too wide) in paragraph at lines 501--501
[]\EU1/LinuxLibertineO(0)/m/n/10 What is wrong with the following argument that
 reflexivity is a consequence|
 []

[171] [172]) [173]
Appendix A.
(./edl-a.tex [174

]) [175]
Appendix B.
[176

]
Appendix C.
** Generating table of definition
(./edl.thm [177


]
Overfull \hbox (3.14423pt too wide) in paragraph at lines 121--121
 [][] []\EU1/LinuxLibertineO(0)/m/n/10 Truth-functional Connect- |
 []

) [178]
Underfull \hbox (badness 1286) in paragraph at lines 300--302
[]\EU1/LinuxLibertineO(0)/m/n/10 Beall, JC and van Fraassen, Bas C
 []


Underfull \hbox (badness 3989) in paragraph at lines 300--302
\EU1/LinuxLibertineO(0)/m/n/10 (2003), \EU1/LinuxLibertineO(0)/m/it/10 Possibil
ities and Paradox\EU1/LinuxLibertineO(0)/m/n/10 .
 []


Underfull \hbox (badness 10000) in paragraph at lines 304--305
[]\EU1/LinuxLibertineO(0)/m/n/10  and Restall, Greg, Logical
 []


Underfull \hbox (badness 7379) in paragraph at lines 304--305
\EU1/LinuxLibertineO(0)/m/n/10 (ed.), \EU1/LinuxLibertineO(0)/m/it/10 The Stanf
ord Encyclopedia
 []


Underfull \hbox (badness 10000) in paragraph at lines 323--324
[]\EU1/LinuxLibertineO(0)/m/n/10 Borkowski, L and Supecki, J
 []


Underfull \hbox (badness 10000) in paragraph at lines 323--324
\EU1/LinuxLibertineO(0)/m/n/10 (1958), The Logical Works of
 []


Underfull \hbox (badness 10000) in paragraph at lines 323--324
\EU1/LinuxLibertineO(0)/m/n/10 J ukasiewicz. \EU1/LinuxLibertineO(0)/m/it/10 
Studia Logica\EU1/LinuxLibertineO(0)/m/n/10 ,
 []


Underfull \hbox (badness 1721) in paragraph at lines 326--328
[]\EU1/LinuxLibertineO(0)/m/n/10 Bostock, David (1997), \EU1/LinuxLibertineO(0)
/m/it/10 Intermediate
 []


Underfull \hbox (badness 1173) in paragraph at lines 326--328
\EU1/LinuxLibertineO(0)/m/it/10 Logic\EU1/LinuxLibertineO(0)/m/n/10 . Oxford: O
xford University
 []


Underfull \hbox (badness 3792) in paragraph at lines 334--337
\EU1/LinuxLibertineO(0)/m/n/10 (eds.), \EU1/LinuxLibertineO(0)/m/it/10 The Ency
clopedia of Lan-
 []


Underfull \hbox (badness 1087) in paragraph at lines 339--342
\EU1/LinuxLibertineO(0)/m/n/10 relating model theory and proof
 []


Underfull \hbox (badness 2707) in paragraph at lines 344--345
[]\EU1/LinuxLibertineO(0)/m/n/10 Davis, Wayne (2014), Implicature.
 []


Underfull \hbox (badness 4859) in paragraph at lines 344--345
\EU1/LinuxLibertineO(0)/m/it/10 ford Encyclopedia of Philosophy\EU1/LinuxLibert
ineO(0)/m/n/10 .
 []


Underfull \hbox (badness 10000) in paragraph at lines 344--345
\EU1/LinuxLibertineO(0)/m/sc/10 url $[][][][][] [] [][][][][][][][] [] [][][] [
] [][][][][][][] []
 []

[179

]
Underfull \hbox (badness 1057) in paragraph at lines 361--362
[]\EU1/LinuxLibertineO(0)/m/n/10 Gibbard, Allen (1981), Two Recent
 []


Underfull \hbox (badness 3460) in paragraph at lines 364--365
[]\EU1/LinuxLibertineO(0)/m/n/10 Gowers, Timothy (ed.) (2008), \EU1/LinuxLibert
ineO(0)/m/it/10 The
 []


Underfull \hbox (badness 5519) in paragraph at lines 371--373
[]\EU1/LinuxLibertineO(0)/m/n/10 Halbach, Volker (2010), \EU1/LinuxLibertineO(0
)/m/it/10 The Logic
 []


Underfull \hbox (badness 5652) in paragraph at lines 383--384
[]\EU1/LinuxLibertineO(0)/m/n/10 Henle, James M, Garfield, Jay L,
 []


Underfull \hbox (badness 10000) in paragraph at lines 383--384
\EU1/LinuxLibertineO(0)/m/n/10 and Tymoczko, Thomas (2011),
 []


Underfull \hbox (badness 1062) in paragraph at lines 383--384
\EU1/LinuxLibertineO(0)/m/it/10 Sweet Reason\EU1/LinuxLibertineO(0)/m/n/10 . Ch
ichester: Wiley-
 []


Underfull \hbox (badness 1337) in paragraph at lines 387--389
[]\EU1/LinuxLibertineO(0)/m/n/10 Heyting, A (1956), \EU1/LinuxLibertineO(0)/m/i
t/10 Intuitionism: An
 []


Underfull \hbox (badness 4353) in paragraph at lines 387--389
\EU1/LinuxLibertineO(0)/m/it/10 Introduction\EU1/LinuxLibertineO(0)/m/n/10 . Am
sterdam: North-
 []


Underfull \hbox (badness 5064) in paragraph at lines 390--391
[]\EU1/LinuxLibertineO(0)/m/n/10 Iemhoff, Rosalie (2015), Intuition-
 []


Underfull \hbox (badness 1383) in paragraph at lines 390--391
\EU1/LinuxLibertineO(0)/m/n/10 ism in the Philosophy of Math-
 []


Underfull \hbox (badness 5667) in paragraph at lines 390--391
\EU1/LinuxLibertineO(0)/m/it/10 sophy\EU1/LinuxLibertineO(0)/m/n/10 . $[][][][]
[] [] [][][][][][][][] [] [][][] [] [][][][][][][] []
 []


Underfull \hbox (badness 1077) in paragraph at lines 396--397
\EU1/LinuxLibertineO(0)/m/n/10 Oxford: Oxford University Press,
 []


Underfull \hbox (badness 2799) in paragraph at lines 399--402
\EU1/LinuxLibertineO(0)/m/n/10 lem About Substitutional Quan-
 []


Underfull \hbox (badness 1558) in paragraph at lines 399--402
\EU1/LinuxLibertineO(0)/m/n/10 tification? In Gareth Evans and
 []

[180]
Underfull \hbox (badness 1033) in paragraph at lines 404--406
[]\EU1/LinuxLibertineO(0)/m/n/10  (1980), \EU1/LinuxLibertineO(0)/m/it/10 N
aming and Necessity\EU1/LinuxLibertineO(0)/m/n/10 .
 []


Underfull \hbox (badness 7888) in paragraph at lines 423--425
\EU1/LinuxLibertineO(0)/m/it/10 tralasian Journal of Philosophy\EU1/LinuxLibert
ineO(0)/m/n/10 ,
 []


Underfull \hbox (badness 4859) in paragraph at lines 427--428
\EU1/LinuxLibertineO(0)/m/it/10 ford Encyclopedia of Philosophy\EU1/LinuxLibert
ineO(0)/m/n/10 .
 []


Underfull \hbox (badness 10000) in paragraph at lines 427--428
\EU1/LinuxLibertineO(0)/m/sc/10 url $[][][][][] [] [][][][][][][][] [] [][][] [
] [][][][][][][] []
 []


Underfull \hbox (badness 4886) in paragraph at lines 430--432
[]\EU1/LinuxLibertineO(0)/m/n/10 Machover, Mosh (1996), \EU1/LinuxLibertineO(0
)/m/it/10 Set The-
 []


Underfull \hbox (badness 1210) in paragraph at lines 430--432
\EU1/LinuxLibertineO(0)/m/it/10 ory, Logic, and Their Limitations\EU1/LinuxLibe
rtineO(0)/m/n/10 .
 []


Underfull \hbox (badness 4872) in paragraph at lines 434--435
[]\EU1/LinuxLibertineO(0)/m/n/10 McGee, Vann (1985), A Counter-
 []


Underfull \hbox (badness 4699) in paragraph at lines 434--435
\EU1/LinuxLibertineO(0)/m/n/10 example to \EU1/LinuxLibertineO(0)/m/it/10 Modus
 Ponens\EU1/LinuxLibertineO(0)/m/n/10 . \EU1/LinuxLibertineO(0)/m/it/10 The
 []


Underfull \hbox (badness 10000) in paragraph at lines 434--435
\EU1/LinuxLibertineO(0)/m/it/10 Journal of Philosophy\EU1/LinuxLibertineO(0)/m/
n/10 , vol. 82:
 []


Underfull \hbox (badness 10000) in paragraph at lines 437--439
[]\EU1/LinuxLibertineO(0)/m/n/10  (2006), Theres a Rule for
 []


Underfull \hbox (badness 5939) in paragraph at lines 441--442
\EU1/LinuxLibertineO(0)/m/it/10 ematical Methods in Linguistics\EU1/LinuxLibert
ineO(0)/m/n/10 .
 []


Underfull \hbox (badness 5331) in paragraph at lines 452--454
\EU1/LinuxLibertineO(0)/m/it/10 tion\EU1/LinuxLibertineO(0)/m/n/10 . Oxford: Ox
ford University
 []


Underfull \hbox (badness 3439) in paragraph at lines 456--458
[]\EU1/LinuxLibertineO(0)/m/n/10 Prior, A N (1960), The Runabout
 []


Underfull \hbox (badness 1590) in paragraph at lines 460--463
[]\EU1/LinuxLibertineO(0)/m/n/10 Pullum, Geoffrey K (2008), Scoop-
 []


Underfull \hbox (badness 3657) in paragraph at lines 460--463
\EU1/LinuxLibertineO(0)/m/sc/10 url $[][][] [] [][][][] [] [][] [] [][] [] [][]
 [] [][][][][][][][] []
 []

[181]
Underfull \hbox (badness 10000) in paragraph at lines 473--474
[]\EU1/LinuxLibertineO(0)/m/n/10 Richard, Mark (1986) Quotation,
 []


Underfull \hbox (badness 4832) in paragraph at lines 476--478
\EU1/LinuxLibertineO(0)/m/n/10 don and New York: Routledge,
 []


Underfull \hbox (badness 10000) in paragraph at lines 479--480
[]\EU1/LinuxLibertineO(0)/m/n/10 Shapiro, Stewart (2000) \EU1/LinuxLibertineO(0
)/m/it/10 Thinking
 []


Underfull \hbox (badness 10000) in paragraph at lines 479--480
\EU1/LinuxLibertineO(0)/m/it/10 About Mathematics\EU1/LinuxLibertineO(0)/m/n/10
 . Oxford:
 []


Underfull \hbox (badness 10000) in paragraph at lines 482--484
[]\EU1/LinuxLibertineO(0)/m/n/10  (2013), Classical Logic. In
 []


Underfull \hbox (badness 1648) in paragraph at lines 482--484
\EU1/LinuxLibertineO(0)/m/n/10 Edward N Zalta (ed.), \EU1/LinuxLibertineO(0)/m/
it/10 The Stan-
 []


Underfull \hbox (badness 4859) in paragraph at lines 482--484
\EU1/LinuxLibertineO(0)/m/it/10 ford Encyclopedia of Philosophy\EU1/LinuxLibert
ineO(0)/m/n/10 .
 []


Underfull \hbox (badness 10000) in paragraph at lines 482--484
\EU1/LinuxLibertineO(0)/m/sc/10 url $[][][][][] [] [][][][][][][][] [] [][][] [
] [][][][][][][] []
 []


Underfull \hbox (badness 3240) in paragraph at lines 494--497
\EU1/LinuxLibertineO(0)/m/it/10 Logic, Semantics, Metamathemat-
 []


Underfull \hbox (badness 5548) in paragraph at lines 499--501
[]\EU1/LinuxLibertineO(0)/m/n/10  (1936), On the Concept of
 []


Underfull \hbox (badness 6348) in paragraph at lines 499--501
\EU1/LinuxLibertineO(0)/m/n/10 Logical Consequence. In \EU1/LinuxLibertineO(0)
/m/it/10 Logic,
 []


Underfull \hbox (badness 2005) in paragraph at lines 512--515
[]\EU1/LinuxLibertineO(0)/m/n/10 Turing, A M (1937), On Comput-
 []

\tf@thm=\write7
\openout7 = `edl.thm'.

Package atveryend Info: Empty hook `BeforeClearDocument' on input line 525.
[182]
Package atveryend Info: Empty hook `AfterLastShipout' on input line 525.
 (./edl.aux)
Package atveryend Info: Empty hook `AtVeryEndDocument' on input line 525.
Package atveryend Info: Empty hook `AtEndAfterFileList' on input line 525.


LaTeX Font Warning: Size substitutions with differences
(Font)              up to 4.0pt have occurred.


LaTeX Font Warning: Some font shapes were not available, defaults substituted.


LaTeX Warning: There were undefined references.


LaTeX Warning: Label(s) may have changed. Rerun to get cross-references right.

 ) 
Here is how much of TeX's memory you used:
 32165 strings out of 493668
 561068 string characters out of 6145663
 772640 words of memory out of 5000000
 34975 multiletter control sequences out of 15000+600000
 40888 words of font info for 299 fonts, out of 8000000 for 9000
 1328 hyphenation exceptions out of 8191
 48i,23n,107p,10411b,989s stack positions out of 5000i,500n,10000p,200000b,80000s

Output written on edl.pdf (194 pages).
