\BOOKMARK [0][-]{chapter.0}{Introduction}{}% 1
\BOOKMARK [0][-]{chapter.1}{Mathematical\040Induction\040and\040Proof}{}% 2
\BOOKMARK [1][-]{section.1.1}{Inductive\040Proofs}{chapter.1}% 3
\BOOKMARK [1][-]{section.1.2}{Proof\040by\040Reductio}{chapter.1}% 4
\BOOKMARK [1][-]{section.1.3}{Intuitionism}{chapter.1}% 5
\BOOKMARK [2][-]{section*.21}{Further\040Reading}{section.1.3}% 6
\BOOKMARK [2][-]{section*.22}{Exercises}{section.1.3}% 7
\BOOKMARK [0][-]{chapter.2}{Set\040Theory}{}% 8
\BOOKMARK [1][-]{section.2.1}{Sets}{chapter.2}% 9
\BOOKMARK [1][-]{section.2.2}{Relations\040and\040Functions}{chapter.2}% 10
\BOOKMARK [1][-]{section.2.3}{Size}{chapter.2}% 11
\BOOKMARK [2][-]{section*.34}{Further\040Reading}{section.2.3}% 12
\BOOKMARK [2][-]{section*.35}{Exercises}{section.2.3}% 13
\BOOKMARK [0][-]{chapter.3}{The\040Syntax\040of\040L1}{}% 14
\BOOKMARK [1][-]{section.3.1}{Strings\040and\040Quotation}{chapter.3}% 15
\BOOKMARK [1][-]{section.3.2}{Sentences}{chapter.3}% 16
\BOOKMARK [1][-]{section.3.3}{Proofs\040About\040Syntax}{chapter.3}% 17
\BOOKMARK [1][-]{section.3.4}{Proof\040By\040Induction\040on\040Complexity}{chapter.3}% 18
\BOOKMARK [1][-]{section.3.5}{The\040Size\040of\040L1}{chapter.3}% 19
\BOOKMARK [2][-]{section*.41}{Exercises}{section.3.5}% 20
\BOOKMARK [0][-]{chapter.4}{The\040Semantics\040of\040L1}{}% 21
\BOOKMARK [1][-]{section.4.1}{Semantics\040for\040L1}{chapter.4}% 22
\BOOKMARK [1][-]{section.4.2}{Truth\040Tables}{chapter.4}% 23
\BOOKMARK [1][-]{section.4.3}{Satisfaction,\040Entailment,\040and\040other\040Semantic\040Notions}{chapter.4}% 24
\BOOKMARK [1][-]{section.4.4}{Entailment\040and\040the\040Connectives}{chapter.4}% 25
\BOOKMARK [1][-]{section.4.5}{Structural\040Rules}{chapter.4}% 26
\BOOKMARK [1][-]{section.4.6}{Substitution}{chapter.4}% 27
\BOOKMARK [1][-]{section.4.7}{Truth-functions}{chapter.4}% 28
\BOOKMARK [2][-]{section*.57}{Exercises}{section.4.7}% 29
\BOOKMARK [0][-]{chapter.5}{Some\040Metatheorems\040Concerning\040L1}{}% 30
\BOOKMARK [1][-]{section.5.1}{Disjunctive\040Normal\040Form}{chapter.5}% 31
\BOOKMARK [1][-]{section.5.2}{Functional\040Completeness,\040Expressive\040Adequacy}{chapter.5}% 32
\BOOKMARK [1][-]{section.5.3}{Duality}{chapter.5}% 33
\BOOKMARK [1][-]{section.5.4}{Interpolation}{chapter.5}% 34
\BOOKMARK [1][-]{section.5.5}{Compactness}{chapter.5}% 35
\BOOKMARK [1][-]{section.5.6}{Decidability}{chapter.5}% 36
\BOOKMARK [2][-]{section*.79}{Exercises}{section.5.6}% 37
\BOOKMARK [0][-]{chapter.6}{Natural\040Deduction\040in\040L1}{}% 38
\BOOKMARK [1][-]{section.6.1}{Natural\040Deduction\040Proofs}{chapter.6}% 39
\BOOKMARK [1][-]{section.6.2}{Soundness}{chapter.6}% 40
\BOOKMARK [1][-]{section.6.3}{Completeness}{chapter.6}% 41
\BOOKMARK [1][-]{section.6.4}{A\040Little\040More\040Proof\040Theory}{chapter.6}% 42
\BOOKMARK [1][-]{section.6.5}{Axioms}{chapter.6}% 43
\BOOKMARK [2][-]{section*.108}{Further\040Reading}{section.6.5}% 44
\BOOKMARK [2][-]{section*.109}{Exercises}{section.6.5}% 45
\BOOKMARK [0][-]{chapter.7}{The\040Syntax\040and\040Semantics\040of\040L2}{}% 46
\BOOKMARK [1][-]{section.7.1}{Syntax\040of\040L2}{chapter.7}% 47
\BOOKMARK [1][-]{section.7.2}{Semantics\040of\040L2}{chapter.7}% 48
\BOOKMARK [1][-]{section.7.3}{Some\040Semantic\040Theorems\040About\040L2}{chapter.7}% 49
\BOOKMARK [1][-]{section.7.4}{Alternative\040Semantics\040for\040L2}{chapter.7}% 50
\BOOKMARK [2][-]{section*.132}{Further\040Reading}{section.7.4}% 51
\BOOKMARK [2][-]{section*.133}{Exercises}{section.7.4}% 52
\BOOKMARK [0][-]{chapter.8}{Natural\040Deduction\040in\040L2}{}% 53
\BOOKMARK [1][-]{section.8.1}{Proofs\040in\040L2}{chapter.8}% 54
\BOOKMARK [1][-]{section.8.2}{Soundness\040of\040L2}{chapter.8}% 55
\BOOKMARK [1][-]{section.8.3}{Completeness\040of\040L2}{chapter.8}% 56
\BOOKMARK [1][-]{section.8.4}{Decidability\040and\040Undecidability}{chapter.8}% 57
\BOOKMARK [2][-]{section*.157}{Further\040Reading}{section.8.4}% 58
\BOOKMARK [2][-]{section*.158}{Exercises}{section.8.4}% 59
\BOOKMARK [0][-]{chapter.9}{Syntax,\040Semantics,\040and\040Proofs\040in\040L=}{}% 60
\BOOKMARK [1][-]{section.9.1}{Identity}{chapter.9}% 61
\BOOKMARK [1][-]{section.9.2}{Numerical\040Quantification\040and\040the\040Theory\040of\040Definite\040Descriptions}{chapter.9}% 62
\BOOKMARK [1][-]{section.9.3}{Compactness\040and\040Cardinality}{chapter.9}% 63
\BOOKMARK [1][-]{section.9.4}{Further\040Directions\040of\040Research\040and\040Study\040in\040Logic}{chapter.9}% 64
\BOOKMARK [2][-]{section*.179}{Further\040Reading}{section.9.4}% 65
\BOOKMARK [2][-]{section*.180}{Exercises}{section.9.4}% 66
\BOOKMARK [0][-]{chapter.10}{Logic\040and\040Natural\040Language}{}% 67
\BOOKMARK [1][-]{section.10.1}{Conditionals}{chapter.10}% 68
\BOOKMARK [1][-]{section.10.2}{Entailment}{chapter.10}% 69
\BOOKMARK [1][-]{section.10.3}{Designators}{chapter.10}% 70
\BOOKMARK [1][-]{section.10.4}{Binary\040Relations}{chapter.10}% 71
\BOOKMARK [2][-]{section*.215}{Further\040Reading}{section.10.4}% 72
\BOOKMARK [2][-]{section*.216}{Exercises}{section.10.4}% 73
\BOOKMARK [0][-]{appendix.A}{Alternative\040Proof\040of\040Compactness}{}% 74
\BOOKMARK [0][-]{appendix.B}{Greek\040letters}{}% 75
\BOOKMARK [0][-]{appendix.C}{List\040of\040Definitions}{}% 76
\BOOKMARK [0][-]{appendix.C}{Bibliography}{}% 77
